2025-05-16 16:33:42,075 [INFO] Created logger with run_dir: /home3/s5238366/plant-disease-classification/src/training/../../logs/resnet50/resnet50_3
2025-05-16 16:33:42,076 [INFO] Starting training run.
2025-05-16 16:36:18,700 [INFO] Epoch 01 | Train: 1.5384 | Val: 0.4772
2025-05-16 16:38:51,849 [INFO] Epoch 02 | Train: 0.5643 | Val: 0.3416
2025-05-16 16:41:22,330 [INFO] Epoch 03 | Train: 0.4343 | Val: 0.2908
2025-05-16 16:43:50,823 [INFO] Epoch 04 | Train: 0.3625 | Val: 0.2569
2025-05-16 16:43:50,824 [INFO] Unfroze layer4 at epoch 5 with lr=0.0001.
2025-05-16 16:46:21,779 [INFO] Epoch 05 | Train: 0.2067 | Val: 0.0845
2025-05-16 16:48:53,395 [INFO] Epoch 06 | Train: 0.1367 | Val: 0.0575
2025-05-16 16:51:25,323 [INFO] Epoch 07 | Train: 0.1108 | Val: 0.0426
2025-05-16 16:54:01,918 [INFO] Epoch 08 | Train: 0.0874 | Val: 0.0403
2025-05-16 16:56:39,168 [INFO] Epoch 09 | Train: 0.0718 | Val: 0.0397
2025-05-16 16:56:39,171 [INFO] Unfroze layer3 at epoch 10 with lr=1e-05.
2025-05-16 16:59:19,865 [INFO] Epoch 10 | Train: 0.0728 | Val: 0.0374
2025-05-16 17:02:01,437 [INFO] Epoch 11 | Train: 0.0632 | Val: 0.0355
2025-05-16 17:04:41,655 [INFO] Epoch 12 | Train: 0.0566 | Val: 0.0341
2025-05-16 17:07:21,088 [INFO] Epoch 13 | Train: 0.0542 | Val: 0.0316
2025-05-16 17:10:02,385 [INFO] Epoch 14 | Train: 0.0468 | Val: 0.0278
2025-05-16 17:12:49,622 [INFO] Epoch 15 | Train: 0.0482 | Val: 0.0285
2025-05-16 17:15:31,615 [INFO] Epoch 16 | Train: 0.0455 | Val: 0.0274
2025-05-16 17:18:15,334 [INFO] Epoch 17 | Train: 0.0432 | Val: 0.0279
2025-05-16 17:20:58,456 [INFO] Epoch 18 | Train: 0.0452 | Val: 0.0270
2025-05-16 17:23:42,880 [INFO] Epoch 19 | Train: 0.0430 | Val: 0.0300
2025-05-16 17:26:24,126 [INFO] Epoch 20 | Train: 0.0455 | Val: 0.0294
2025-05-16 17:29:08,123 [INFO] Epoch 21 | Train: 0.0422 | Val: 0.0265
2025-05-16 17:31:45,256 [INFO] Epoch 22 | Train: 0.0476 | Val: 0.0263
2025-05-16 17:34:25,235 [INFO] Epoch 23 | Train: 0.0450 | Val: 0.0269
2025-05-16 17:37:11,867 [INFO] Epoch 24 | Train: 0.0468 | Val: 0.0255
2025-05-16 17:39:58,964 [INFO] Epoch 25 | Train: 0.0471 | Val: 0.0261
2025-05-16 17:42:38,409 [INFO] Epoch 26 | Train: 0.0433 | Val: 0.0281
2025-05-16 17:45:24,038 [INFO] Epoch 27 | Train: 0.0464 | Val: 0.0273
2025-05-16 17:48:08,781 [INFO] Epoch 28 | Train: 0.0470 | Val: 0.0270
2025-05-16 17:50:52,012 [INFO] Epoch 29 | Train: 0.0443 | Val: 0.0280
2025-05-16 17:53:39,217 [INFO] Epoch 30 | Train: 0.0425 | Val: 0.0268
2025-05-16 17:56:21,830 [INFO] Epoch 31 | Train: 0.0420 | Val: 0.0289
2025-05-16 17:59:05,592 [INFO] Epoch 32 | Train: 0.0460 | Val: 0.0287
2025-05-16 18:01:49,557 [INFO] Epoch 33 | Train: 0.0399 | Val: 0.0268
2025-05-16 18:04:33,998 [INFO] Epoch 34 | Train: 0.0415 | Val: 0.0286
2025-05-16 18:04:33,999 [INFO] Early stopping triggered at epoch 34 (no improvement for 10 epochs).
2025-05-16 18:05:00,307 [INFO] Confusion Matrix:
[[ 93   0   0 ...   0   0   0]
 [  0  93   0 ...   0   0   0]
 [  0   0  41 ...   0   0   0]
 ...
 [  0   0   0 ... 751   2   0]
 [  0   0   0 ...   0  56   0]
 [  0   0   0 ...   0   0 239]]
2025-05-16 18:05:00,308 [INFO] Classification Report:
                                                    precision    recall  f1-score   support

                                Apple___Apple_scab     0.9789    0.9894    0.9841        94
                                 Apple___Black_rot     0.9688    1.0000    0.9841        93
                          Apple___Cedar_apple_rust     1.0000    1.0000    1.0000        41
                                   Apple___healthy     0.9609    0.9960    0.9781       247
                               Blueberry___healthy     1.0000    0.9911    0.9955       225
          Cherry_(including_sour)___Powdery_mildew     0.9937    0.9937    0.9937       158
                 Cherry_(including_sour)___healthy     1.0000    0.9844    0.9921       128
Corn_(maize)___Cercospora_leaf_spot Gray_leaf_spot     0.8202    0.9481    0.8795        77
                       Corn_(maize)___Common_rust_     1.0000    0.9832    0.9915       179
               Corn_(maize)___Northern_Leaf_Blight     0.9565    0.8919    0.9231       148
                            Corn_(maize)___healthy     1.0000    1.0000    1.0000       174
                                 Grape___Black_rot     0.9944    1.0000    0.9972       177
                      Grape___Esca_(Black_Measles)     1.0000    1.0000    1.0000       207
        Grape___Leaf_blight_(Isariopsis_Leaf_Spot)     1.0000    1.0000    1.0000       161
                                   Grape___healthy     0.9692    1.0000    0.9844        63
          Orange___Haunglongbing_(Citrus_greening)     1.0000    1.0000    1.0000       826
                            Peach___Bacterial_spot     0.9971    0.9797    0.9883       345
                                   Peach___healthy     0.9000    1.0000    0.9474        54
                     Pepper,_bell___Bacterial_spot     0.9739    0.9933    0.9835       150
                            Pepper,_bell___healthy     0.9565    0.9910    0.9735       222
                             Potato___Early_blight     0.9933    0.9867    0.9900       150
                              Potato___Late_blight     0.9864    0.9667    0.9764       150
                                  Potato___healthy     0.7667    1.0000    0.8679        23
                               Raspberry___healthy     1.0000    1.0000    1.0000        56
                                 Soybean___healthy     1.0000    0.9581    0.9786       764
                           Squash___Powdery_mildew     1.0000    1.0000    1.0000       275
                          Strawberry___Leaf_scorch     1.0000    1.0000    1.0000       166
                              Strawberry___healthy     1.0000    1.0000    1.0000        68
                           Tomato___Bacterial_spot     0.9426    0.9781    0.9600       319
                             Tomato___Early_blight     0.8765    0.9467    0.9103       150
                              Tomato___Late_blight     0.9851    0.9231    0.9531       286
                                Tomato___Leaf_Mold     0.9726    0.9930    0.9827       143
                       Tomato___Septoria_leaf_spot     0.9810    0.9699    0.9754       266
     Tomato___Spider_mites Two-spotted_spider_mite     0.9004    0.8645    0.8821       251
                              Tomato___Target_Spot     0.7940    0.8768    0.8333       211
            Tomato___Tomato_Yellow_Leaf_Curl_Virus     1.0000    0.9341    0.9659       804
                      Tomato___Tomato_mosaic_virus     0.9032    1.0000    0.9492        56
                                  Tomato___healthy     0.8691    1.0000    0.9300       239

                                          accuracy                         0.9708      8146
                                         macro avg     0.9590    0.9773    0.9671      8146
                                      weighted avg     0.9727    0.9708    0.9711      8146

