2025-06-08 20:22:25,510 [INFO] Created logger with run_dir: /home3/s5238366/plant-disease-classification/src/training/../../logs/resnet34/resnet34_0
2025-06-08 20:22:25,511 [INFO] Starting training run.
2025-06-08 20:22:25,517 [INFO] Copied main script to /home3/s5238366/plant-disease-classification/src/training/../../logs/resnet34/resnet34_0/train_resnet34.py
2025-06-08 20:23:19,684 [INFO] Epoch 1: Train 0.6559 | Val 0.2447
2025-06-08 20:24:04,261 [INFO] Epoch 2: Train 0.3780 | Val 0.1868
2025-06-08 20:24:49,135 [INFO] Epoch 3: Train 0.3413 | Val 0.1745
2025-06-08 20:25:34,136 [INFO] Epoch 4: Train 0.3171 | Val 0.1649
2025-06-08 20:25:34,137 [INFO] Unfroze layer4 at epoch 5
2025-06-08 20:26:19,844 [INFO] Epoch 5: Train 0.2026 | Val 0.0747
2025-06-08 20:27:06,189 [INFO] Epoch 6: Train 0.1264 | Val 0.0511
2025-06-08 20:27:50,817 [INFO] Epoch 7: Train 0.1083 | Val 0.0457
2025-06-08 20:28:35,200 [INFO] Epoch 8: Train 0.0784 | Val 0.0318
2025-06-08 20:29:20,508 [INFO] Epoch 9: Train 0.0655 | Val 0.0337
2025-06-08 20:29:20,508 [INFO] Unfroze layer3 at epoch 10
2025-06-08 20:30:12,877 [INFO] Epoch 10: Train 0.0597 | Val 0.0280
2025-06-08 20:31:05,040 [INFO] Epoch 11: Train 0.0537 | Val 0.0259
2025-06-08 20:31:57,200 [INFO] Epoch 12: Train 0.0476 | Val 0.0218
2025-06-08 20:32:49,348 [INFO] Epoch 13: Train 0.0458 | Val 0.0276
2025-06-08 20:33:42,679 [INFO] Epoch 14: Train 0.0433 | Val 0.0198
2025-06-08 20:34:35,173 [INFO] Epoch 15: Train 0.0403 | Val 0.0185
2025-06-08 20:35:27,454 [INFO] Epoch 16: Train 0.0410 | Val 0.0202
2025-06-08 20:36:19,895 [INFO] Epoch 17: Train 0.0387 | Val 0.0193
2025-06-08 20:37:11,951 [INFO] Epoch 18: Train 0.0375 | Val 0.0207
2025-06-08 20:38:04,226 [INFO] Epoch 19: Train 0.0376 | Val 0.0214
2025-06-08 20:38:56,195 [INFO] Epoch 20: Train 0.0363 | Val 0.0186
2025-06-08 20:39:48,407 [INFO] Epoch 21: Train 0.0351 | Val 0.0234
2025-06-08 20:40:40,537 [INFO] Epoch 22: Train 0.0349 | Val 0.0204
2025-06-08 20:41:33,002 [INFO] Epoch 23: Train 0.0352 | Val 0.0205
2025-06-08 20:42:25,321 [INFO] Epoch 24: Train 0.0366 | Val 0.0189
2025-06-08 20:43:17,855 [INFO] Epoch 25: Train 0.0353 | Val 0.0221
2025-06-08 20:43:17,855 [INFO] Early stopping at epoch 25
2025-06-08 20:43:25,114 [INFO] Test Confusion Matrix:
[[ 94   0   0 ...   0   0   0]
 [  0  93   0 ...   0   0   0]
 [  0   0  41 ...   0   0   0]
 ...
 [  0   0   0 ... 795   0   0]
 [  0   0   0 ...   0  55   0]
 [  0   0   0 ...   0   0 239]]
2025-06-08 20:43:25,115 [INFO] Test Classification Report:
                                                    precision    recall  f1-score   support

                                Apple___Apple_scab     0.9792    1.0000    0.9895        94
                                 Apple___Black_rot     0.9894    1.0000    0.9947        93
                          Apple___Cedar_apple_rust     1.0000    1.0000    1.0000        41
                                   Apple___healthy     0.9960    0.9960    0.9960       247
                               Blueberry___healthy     1.0000    1.0000    1.0000       225
          Cherry_(including_sour)___Powdery_mildew     1.0000    0.9937    0.9968       158
                 Cherry_(including_sour)___healthy     1.0000    1.0000    1.0000       128
Corn_(maize)___Cercospora_leaf_spot Gray_leaf_spot     0.8444    0.9870    0.9102        77
                       Corn_(maize)___Common_rust_     1.0000    1.0000    1.0000       179
               Corn_(maize)___Northern_Leaf_Blight     0.9926    0.9054    0.9470       148
                            Corn_(maize)___healthy     1.0000    1.0000    1.0000       174
                                 Grape___Black_rot     1.0000    0.9774    0.9886       177
                      Grape___Esca_(Black_Measles)     0.9857    1.0000    0.9928       207
        Grape___Leaf_blight_(Isariopsis_Leaf_Spot)     1.0000    1.0000    1.0000       161
                                   Grape___healthy     1.0000    1.0000    1.0000        63
          Orange___Haunglongbing_(Citrus_greening)     1.0000    1.0000    1.0000       826
                            Peach___Bacterial_spot     1.0000    0.9971    0.9985       345
                                   Peach___healthy     0.9818    1.0000    0.9908        54
                     Pepper,_bell___Bacterial_spot     0.9934    1.0000    0.9967       150
                            Pepper,_bell___healthy     1.0000    1.0000    1.0000       222
                             Potato___Early_blight     0.9868    1.0000    0.9934       150
                              Potato___Late_blight     1.0000    1.0000    1.0000       150
                                  Potato___healthy     1.0000    1.0000    1.0000        23
                               Raspberry___healthy     1.0000    0.9821    0.9910        56
                                 Soybean___healthy     1.0000    1.0000    1.0000       764
                           Squash___Powdery_mildew     1.0000    1.0000    1.0000       275
                          Strawberry___Leaf_scorch     1.0000    1.0000    1.0000       166
                              Strawberry___healthy     1.0000    1.0000    1.0000        68
                           Tomato___Bacterial_spot     0.9694    0.9937    0.9814       319
                             Tomato___Early_blight     0.9790    0.9333    0.9556       150
                              Tomato___Late_blight     0.9827    0.9930    0.9878       286
                                Tomato___Leaf_Mold     1.0000    0.9860    0.9930       143
                       Tomato___Septoria_leaf_spot     0.9742    0.9925    0.9832       266
     Tomato___Spider_mites Two-spotted_spider_mite     0.9871    0.9163    0.9504       251
                              Tomato___Target_Spot     0.9346    0.9479    0.9412       211
            Tomato___Tomato_Yellow_Leaf_Curl_Virus     1.0000    0.9888    0.9944       804
                      Tomato___Tomato_mosaic_virus     1.0000    0.9821    0.9910        56
                                  Tomato___healthy     0.9409    1.0000    0.9696       239

                                          accuracy                         0.9898      8146
                                         macro avg     0.9873    0.9887    0.9877      8146
                                      weighted avg     0.9902    0.9898    0.9898      8146

