2025-05-13 16:26:29,435 [INFO] Starting run CNN_0.
2025-05-13 16:33:24,074 [INFO] Epoch 01  Train Loss: 3.3386  Val Loss: 1.4192
2025-05-13 16:39:59,008 [INFO] Epoch 02  Train Loss: 1.9754  Val Loss: 0.8166
2025-05-13 16:46:46,146 [INFO] Epoch 03  Train Loss: 1.4710  Val Loss: 0.7655
2025-05-13 16:53:25,920 [INFO] Epoch 04  Train Loss: 1.2579  Val Loss: 0.9335
2025-05-13 17:00:08,920 [INFO] Epoch 05  Train Loss: 1.0605  Val Loss: 1.2952
2025-05-13 17:06:44,922 [INFO] Epoch 06  Train Loss: 0.9305  Val Loss: 0.8874
2025-05-13 17:13:22,490 [INFO] Epoch 07  Train Loss: 0.8421  Val Loss: 0.3964
2025-05-13 17:19:56,126 [INFO] Epoch 08  Train Loss: 0.7886  Val Loss: 0.4072
2025-05-13 17:26:35,998 [INFO] Epoch 09  Train Loss: 0.7085  Val Loss: 0.3243
2025-05-13 17:33:08,986 [INFO] Epoch 10  Train Loss: 0.6421  Val Loss: 0.2678
2025-05-13 17:39:47,528 [INFO] Epoch 11  Train Loss: 0.5404  Val Loss: 0.2819
2025-05-13 17:46:28,764 [INFO] Epoch 12  Train Loss: 0.5167  Val Loss: 0.2084
2025-05-13 17:53:07,148 [INFO] Epoch 13  Train Loss: 0.5016  Val Loss: 0.4237
2025-05-13 17:59:37,537 [INFO] Epoch 14  Train Loss: 0.4745  Val Loss: 0.1741
2025-05-13 18:06:18,807 [INFO] Epoch 15  Train Loss: 0.4451  Val Loss: 0.2419
2025-05-13 18:12:55,378 [INFO] Epoch 16  Train Loss: 0.4100  Val Loss: 0.2100
2025-05-13 18:19:39,641 [INFO] Epoch 17  Train Loss: 0.3998  Val Loss: 0.1754
2025-05-13 18:26:20,599 [INFO] Epoch 18  Train Loss: 0.3798  Val Loss: 0.2229
2025-05-13 18:32:55,907 [INFO] Epoch 19  Train Loss: 0.3526  Val Loss: 0.1840
2025-05-13 18:39:37,142 [INFO] Epoch 20  Train Loss: 0.3410  Val Loss: 0.1478
2025-05-13 18:46:14,252 [INFO] Epoch 21  Train Loss: 0.3102  Val Loss: 0.1117
2025-05-13 18:52:55,183 [INFO] Epoch 22  Train Loss: 0.2839  Val Loss: 0.1531
2025-05-13 18:59:28,204 [INFO] Epoch 23  Train Loss: 0.2787  Val Loss: 0.1412
2025-05-13 19:05:56,737 [INFO] Epoch 24  Train Loss: 0.2693  Val Loss: 0.1267
2025-05-13 19:12:37,640 [INFO] Epoch 25  Train Loss: 0.2699  Val Loss: 0.2093
2025-05-13 19:19:16,056 [INFO] Epoch 26  Train Loss: 0.2438  Val Loss: 0.0954
2025-05-13 19:25:47,040 [INFO] Epoch 27  Train Loss: 0.2463  Val Loss: 0.1204
2025-05-13 19:32:26,123 [INFO] Epoch 28  Train Loss: 0.2322  Val Loss: 0.1216
2025-05-13 19:39:08,280 [INFO] Epoch 29  Train Loss: 0.2395  Val Loss: 0.0898
2025-05-13 19:45:54,532 [INFO] Epoch 30  Train Loss: 0.2285  Val Loss: 0.1153
2025-05-13 19:52:42,695 [INFO] Epoch 31  Train Loss: 0.2039  Val Loss: 0.0728
2025-05-13 19:59:15,325 [INFO] Epoch 32  Train Loss: 0.1921  Val Loss: 0.0866
2025-05-13 20:06:00,097 [INFO] Epoch 33  Train Loss: 0.1907  Val Loss: 0.0726
2025-05-13 20:12:47,556 [INFO] Epoch 34  Train Loss: 0.1852  Val Loss: 0.0633
2025-05-13 20:19:30,878 [INFO] Epoch 35  Train Loss: 0.1838  Val Loss: 0.0968
2025-05-13 20:26:16,010 [INFO] Epoch 36  Train Loss: 0.1703  Val Loss: 0.0956
2025-05-13 20:32:44,676 [INFO] Epoch 37  Train Loss: 0.1696  Val Loss: 0.0820
2025-05-13 20:39:24,794 [INFO] Epoch 38  Train Loss: 0.1569  Val Loss: 0.0648
2025-05-13 20:46:12,044 [INFO] Epoch 39  Train Loss: 0.1704  Val Loss: 0.0904
2025-05-13 20:52:52,684 [INFO] Epoch 40  Train Loss: 0.1591  Val Loss: 0.0610
2025-05-13 20:59:22,284 [INFO] Epoch 41  Train Loss: 0.1471  Val Loss: 0.0531
2025-05-13 21:05:57,658 [INFO] Epoch 42  Train Loss: 0.1452  Val Loss: 0.0693
2025-05-13 21:12:29,239 [INFO] Epoch 43  Train Loss: 0.1386  Val Loss: 0.0588
2025-05-13 21:19:05,526 [INFO] Epoch 44  Train Loss: 0.1354  Val Loss: 0.0491
2025-05-13 21:25:40,940 [INFO] Epoch 45  Train Loss: 0.1322  Val Loss: 0.0628
2025-05-13 21:32:19,652 [INFO] Epoch 46  Train Loss: 0.1265  Val Loss: 0.0606
2025-05-13 21:38:58,971 [INFO] Epoch 47  Train Loss: 0.1319  Val Loss: 0.0553
2025-05-13 21:45:29,966 [INFO] Epoch 48  Train Loss: 0.1223  Val Loss: 0.0379
2025-05-13 21:52:03,028 [INFO] Epoch 49  Train Loss: 0.1220  Val Loss: 0.0464
2025-05-13 21:58:39,080 [INFO] Epoch 50  Train Loss: 0.1260  Val Loss: 0.0454
2025-05-13 21:58:39,143 [INFO] Saved model weights at /home3/s5209234/plant-disease-classification/src/training/../../logs/cnn/CNN_0/model.pth
2025-05-13 21:58:39,415 [INFO] Saved loss plot to /home3/s5209234/plant-disease-classification/src/training/../../logs/cnn/CNN_0/loss.png
2025-05-13 21:59:11,025 [INFO] Confusion Matrix:
2025-05-13 21:59:11,025 [INFO] [[ 93   0   0 ...   0   0   0]
 [  0  93   0 ...   0   0   0]
 [  0   0  41 ...   0   0   0]
 ...
 [  0   0   0 ... 633   4   0]
 [  0   0   0 ...   0  56   0]
 [  0   0   0 ...   0   0 238]]
2025-05-13 21:59:11,026 [INFO] 
Classification Report:
2025-05-13 21:59:11,026 [INFO]
                                                     precision    recall  f1-score   support

                                Apple___Apple_scab     0.9688    0.9894    0.9789        94
                                 Apple___Black_rot     0.9394    1.0000    0.9688        93
                          Apple___Cedar_apple_rust     0.9535    1.0000    0.9762        41
                                   Apple___healthy     0.8166    0.9555    0.8806       247
                               Blueberry___healthy     0.9868    1.0000    0.9934       225
          Cherry_(including_sour)___Powdery_mildew     0.9006    0.9747    0.9362       158
                 Cherry_(including_sour)___healthy     1.0000    1.0000    1.0000       128
Corn_(maize)___Cercospora_leaf_spot Gray_leaf_spot     0.6179    0.9870    0.7600        77
                       Corn_(maize)___Common_rust_     1.0000    0.9832    0.9915       179
               Corn_(maize)___Northern_Leaf_Blight     0.9709    0.6757    0.7968       148
                            Corn_(maize)___healthy     1.0000    1.0000    1.0000       174
                                 Grape___Black_rot     0.9724    0.9944    0.9832       177
                      Grape___Esca_(Black_Measles)     0.9951    0.9807    0.9878       207
        Grape___Leaf_blight_(Isariopsis_Leaf_Spot)     1.0000    1.0000    1.0000       161
                                   Grape___healthy     0.5727    1.0000    0.7283        63
          Orange___Haunglongbing_(Citrus_greening)     0.9947    0.9116    0.9514       826
                            Peach___Bacterial_spot     0.9290    0.9855    0.9564       345
                                   Peach___healthy     0.7105    1.0000    0.8308        54
                     Pepper,_bell___Bacterial_spot     0.9057    0.9600    0.9320       150
                            Pepper,_bell___healthy     0.7978    0.9775    0.8785       222
                             Potato___Early_blight     0.9867    0.9867    0.9867       150
                              Potato___Late_blight     0.8963    0.9800    0.9363       150
                                  Potato___healthy     0.3538    1.0000    0.5227        23
                               Raspberry___healthy     1.0000    1.0000    1.0000        56
                                 Soybean___healthy     1.0000    0.7448    0.8537       764
                           Squash___Powdery_mildew     0.9963    0.9891    0.9927       275
                          Strawberry___Leaf_scorch     0.9880    0.9940    0.9910       166
                              Strawberry___healthy     0.9577    1.0000    0.9784        68
                           Tomato___Bacterial_spot     0.9025    0.8997    0.9011       319
                             Tomato___Early_blight     0.7526    0.9733    0.8488       150
                              Tomato___Late_blight     0.9676    0.8357    0.8968       286
                                Tomato___Leaf_Mold     0.9097    0.9860    0.9463       143
                       Tomato___Septoria_leaf_spot     0.9918    0.9098    0.9490       266
     Tomato___Spider_mites Two-spotted_spider_mite     0.6274    0.9124    0.7435       251
                              Tomato___Target_Spot     0.8056    0.9621    0.8769       211
            Tomato___Tomato_Yellow_Leaf_Curl_Virus     0.9969    0.7873    0.8798       804
                      Tomato___Tomato_mosaic_virus     0.8750    1.0000    0.9333        56
                                  Tomato___healthy     0.9876    0.9958    0.9917       239

                                          accuracy                         0.9169      8146
                                         macro avg     0.8955    0.9561    0.9147      8146
                                      weighted avg     0.9359    0.9169    0.9192      8146

2025-05-13 21:59:11,058 [INFO] Saved classification metrics CSV to /home3/s5209234/plant-disease-classification/src/training/../../logs/cnn/CNN_0/classification_metrics.csv
2025-05-13 21:59:11,064 [INFO] Saved confusion matrix CSV to /home3/s5209234/plant-disease-classification/src/training/../../logs/cnn/CNN_0/confusion_matrix.csv
