2025-05-15 11:24:41,913 [INFO] Created logger with run_dir: /home3/s5209234/plant-disease-classification/src/training/../../logs/resnet50/resnet50_2
2025-05-15 11:24:41,914 [INFO] Starting training run.
2025-05-15 11:27:28,998 [INFO] Epoch 01 | Train: 1.5264 | Val: 0.5286
2025-05-15 11:30:10,535 [INFO] Epoch 02 | Train: 0.5846 | Val: 0.3210
2025-05-15 11:32:47,413 [INFO] Epoch 03 | Train: 0.4416 | Val: 0.2856
2025-05-15 11:35:26,466 [INFO] Epoch 04 | Train: 0.3645 | Val: 0.2424
2025-05-15 11:35:26,468 [INFO] Unfroze layer4 at epoch 5 with lr=0.0001.
2025-05-15 11:38:06,269 [INFO] Epoch 05 | Train: 0.2129 | Val: 0.0789
2025-05-15 11:40:49,623 [INFO] Epoch 06 | Train: 0.1310 | Val: 0.0625
2025-05-15 11:43:31,507 [INFO] Epoch 07 | Train: 0.1044 | Val: 0.0543
2025-05-15 11:46:16,344 [INFO] Epoch 08 | Train: 0.0844 | Val: 0.0444
2025-05-15 11:48:55,469 [INFO] Epoch 09 | Train: 0.0786 | Val: 0.0429
2025-05-15 11:48:55,471 [INFO] Unfroze layer3 at epoch 10 with lr=1e-05.
2025-05-15 11:51:45,296 [INFO] Epoch 10 | Train: 0.0696 | Val: 0.0372
2025-05-15 11:54:39,398 [INFO] Epoch 11 | Train: 0.0643 | Val: 0.0339
2025-05-15 11:57:28,531 [INFO] Epoch 12 | Train: 0.0604 | Val: 0.0318
2025-05-15 12:00:20,317 [INFO] Epoch 13 | Train: 0.0586 | Val: 0.0336
2025-05-15 12:03:16,746 [INFO] Epoch 14 | Train: 0.0547 | Val: 0.0290
2025-05-15 12:06:13,083 [INFO] Epoch 15 | Train: 0.0496 | Val: 0.0303
2025-05-15 12:09:05,052 [INFO] Epoch 16 | Train: 0.0454 | Val: 0.0309
2025-05-15 12:12:01,960 [INFO] Epoch 17 | Train: 0.0481 | Val: 0.0315
2025-05-15 12:14:58,309 [INFO] Epoch 18 | Train: 0.0462 | Val: 0.0320
2025-05-15 12:17:55,051 [INFO] Epoch 19 | Train: 0.0425 | Val: 0.0295
2025-05-15 12:20:50,412 [INFO] Epoch 20 | Train: 0.0492 | Val: 0.0298
2025-05-15 12:23:50,863 [INFO] Epoch 21 | Train: 0.0444 | Val: 0.0276
2025-05-15 12:26:46,743 [INFO] Epoch 22 | Train: 0.0458 | Val: 0.0287
2025-05-15 12:29:42,448 [INFO] Epoch 23 | Train: 0.0476 | Val: 0.0296
2025-05-15 12:32:34,216 [INFO] Epoch 24 | Train: 0.0502 | Val: 0.0279
2025-05-15 12:35:30,576 [INFO] Epoch 25 | Train: 0.0466 | Val: 0.0293
2025-05-15 12:38:21,456 [INFO] Epoch 26 | Train: 0.0473 | Val: 0.0290
2025-05-15 12:41:17,931 [INFO] Epoch 27 | Train: 0.0439 | Val: 0.0299
2025-05-15 12:44:17,348 [INFO] Epoch 28 | Train: 0.0456 | Val: 0.0264
2025-05-15 12:47:09,392 [INFO] Epoch 29 | Train: 0.0460 | Val: 0.0280
2025-05-15 12:50:03,662 [INFO] Epoch 30 | Train: 0.0473 | Val: 0.0320
2025-05-15 12:52:54,894 [INFO] Epoch 31 | Train: 0.0436 | Val: 0.0281
2025-05-15 12:55:52,059 [INFO] Epoch 32 | Train: 0.0459 | Val: 0.0304
2025-05-15 12:58:41,845 [INFO] Epoch 33 | Train: 0.0479 | Val: 0.0279
2025-05-15 13:01:37,137 [INFO] Epoch 34 | Train: 0.0410 | Val: 0.0272
2025-05-15 13:04:31,143 [INFO] Epoch 35 | Train: 0.0479 | Val: 0.0282
2025-05-15 13:07:17,784 [INFO] Epoch 36 | Train: 0.0492 | Val: 0.0272
2025-05-15 13:10:09,810 [INFO] Epoch 37 | Train: 0.0443 | Val: 0.0284
2025-05-15 13:13:02,182 [INFO] Epoch 38 | Train: 0.0451 | Val: 0.0288
2025-05-15 13:13:02,183 [INFO] Early stopping triggered at epoch 38 (no improvement for 10 epochs).
2025-05-15 13:13:27,746 [INFO] Confusion Matrix:
[[ 94   0   0 ...   0   0   0]
 [  0  93   0 ...   0   0   0]
 [  0   0  41 ...   0   0   0]
 ...
 [  0   0   0 ... 749   7   0]
 [  0   0   0 ...   0  56   0]
 [  0   0   0 ...   0   0 239]]
2025-05-15 13:13:27,747 [INFO] Classification Report:
                                                    precision    recall  f1-score   support

                                Apple___Apple_scab     0.9792    1.0000    0.9895        94
                                 Apple___Black_rot     0.9894    1.0000    0.9947        93
                          Apple___Cedar_apple_rust     1.0000    1.0000    1.0000        41
                                   Apple___healthy     0.9761    0.9919    0.9839       247
                               Blueberry___healthy     1.0000    0.9867    0.9933       225
          Cherry_(including_sour)___Powdery_mildew     1.0000    1.0000    1.0000       158
                 Cherry_(including_sour)___healthy     0.9845    0.9922    0.9883       128
Corn_(maize)___Cercospora_leaf_spot Gray_leaf_spot     0.7551    0.9610    0.8457        77
                       Corn_(maize)___Common_rust_     1.0000    0.9832    0.9915       179
               Corn_(maize)___Northern_Leaf_Blight     0.9542    0.8446    0.8961       148
                            Corn_(maize)___healthy     1.0000    1.0000    1.0000       174
                                 Grape___Black_rot     0.9832    0.9944    0.9888       177
                      Grape___Esca_(Black_Measles)     0.9951    0.9855    0.9903       207
        Grape___Leaf_blight_(Isariopsis_Leaf_Spot)     1.0000    1.0000    1.0000       161
                                   Grape___healthy     1.0000    1.0000    1.0000        63
          Orange___Haunglongbing_(Citrus_greening)     1.0000    0.9867    0.9933       826
                            Peach___Bacterial_spot     1.0000    0.9855    0.9927       345
                                   Peach___healthy     0.9000    1.0000    0.9474        54
                     Pepper,_bell___Bacterial_spot     0.9542    0.9733    0.9637       150
                            Pepper,_bell___healthy     0.8984    0.9955    0.9444       222
                             Potato___Early_blight     0.9868    1.0000    0.9934       150
                              Potato___Late_blight     1.0000    0.9667    0.9831       150
                                  Potato___healthy     0.8462    0.9565    0.8980        23
                               Raspberry___healthy     1.0000    1.0000    1.0000        56
                                 Soybean___healthy     0.9986    0.9647    0.9814       764
                           Squash___Powdery_mildew     1.0000    1.0000    1.0000       275
                          Strawberry___Leaf_scorch     1.0000    0.9880    0.9939       166
                              Strawberry___healthy     0.9714    1.0000    0.9855        68
                           Tomato___Bacterial_spot     0.9204    0.9781    0.9483       319
                             Tomato___Early_blight     0.8598    0.9400    0.8981       150
                              Tomato___Late_blight     0.9536    0.9336    0.9435       286
                                Tomato___Leaf_Mold     0.9786    0.9580    0.9682       143
                       Tomato___Septoria_leaf_spot     0.9769    0.9549    0.9658       266
     Tomato___Spider_mites Two-spotted_spider_mite     0.9442    0.8765    0.9091       251
                              Tomato___Target_Spot     0.8182    0.8957    0.8552       211
            Tomato___Tomato_Yellow_Leaf_Curl_Virus     1.0000    0.9316    0.9646       804
                      Tomato___Tomato_mosaic_virus     0.8485    1.0000    0.9180        56
                                  Tomato___healthy     0.8985    1.0000    0.9465       239

                                          accuracy                         0.9686      8146
                                         macro avg     0.9571    0.9743    0.9646      8146
                                      weighted avg     0.9708    0.9686    0.9690      8146

