2025-06-08 21:43:11,977 [INFO] Created logger with run_dir: /home3/s5238366/plant-disease-classification/src/training/../../logs/resnet101/resnet101_0
2025-06-08 21:43:11,978 [INFO] Starting training run.
2025-06-08 21:43:11,986 [INFO] Copied main script to /home3/s5238366/plant-disease-classification/src/training/../../logs/resnet101/resnet101_0/train_resnet101.py
2025-06-08 21:44:51,666 [INFO] Epoch 1: Train 0.5853 | Val 0.2632
2025-06-08 21:46:19,089 [INFO] Epoch 2: Train 0.3202 | Val 0.2091
2025-06-08 21:47:46,542 [INFO] Epoch 3: Train 0.2814 | Val 0.1857
2025-06-08 21:49:13,956 [INFO] Epoch 4: Train 0.2637 | Val 0.1824
2025-06-08 21:49:13,957 [INFO] Unfroze layer4 at epoch 5
2025-06-08 21:50:51,865 [INFO] Epoch 5: Train 0.1684 | Val 0.0700
2025-06-08 21:52:29,839 [INFO] Epoch 6: Train 0.1103 | Val 0.0703
2025-06-08 21:54:07,715 [INFO] Epoch 7: Train 0.0914 | Val 0.0436
2025-06-08 21:55:45,519 [INFO] Epoch 8: Train 0.0715 | Val 0.0366
2025-06-08 21:57:23,494 [INFO] Epoch 9: Train 0.0682 | Val 0.0323
2025-06-08 21:57:23,496 [INFO] Unfroze layer3 at epoch 10
2025-06-08 22:00:13,648 [INFO] Epoch 10: Train 0.0598 | Val 0.0319
2025-06-08 22:03:03,696 [INFO] Epoch 11: Train 0.0509 | Val 0.0220
2025-06-08 22:05:53,928 [INFO] Epoch 12: Train 0.0444 | Val 0.0199
2025-06-08 22:08:44,105 [INFO] Epoch 13: Train 0.0398 | Val 0.0197
2025-06-08 22:11:34,267 [INFO] Epoch 14: Train 0.0364 | Val 0.0177
2025-06-08 22:14:24,516 [INFO] Epoch 15: Train 0.0387 | Val 0.0150
2025-06-08 22:17:14,715 [INFO] Epoch 16: Train 0.0345 | Val 0.0153
2025-06-08 22:20:04,980 [INFO] Epoch 17: Train 0.0373 | Val 0.0163
2025-06-08 22:22:55,326 [INFO] Epoch 18: Train 0.0355 | Val 0.0152
2025-06-08 22:25:45,545 [INFO] Epoch 19: Train 0.0351 | Val 0.0148
2025-06-08 22:28:35,783 [INFO] Epoch 20: Train 0.0342 | Val 0.0159
2025-06-08 22:31:25,929 [INFO] Epoch 21: Train 0.0334 | Val 0.0143
2025-06-08 22:34:16,173 [INFO] Epoch 22: Train 0.0344 | Val 0.0139
2025-06-08 22:37:06,397 [INFO] Epoch 23: Train 0.0341 | Val 0.0137
2025-06-08 22:39:56,703 [INFO] Epoch 24: Train 0.0331 | Val 0.0147
2025-06-08 22:42:46,965 [INFO] Epoch 25: Train 0.0330 | Val 0.0154
2025-06-08 22:45:37,130 [INFO] Epoch 26: Train 0.0334 | Val 0.0150
2025-06-08 22:48:27,460 [INFO] Epoch 27: Train 0.0349 | Val 0.0145
2025-06-08 22:51:17,694 [INFO] Epoch 28: Train 0.0321 | Val 0.0137
2025-06-08 22:54:08,070 [INFO] Epoch 29: Train 0.0310 | Val 0.0132
2025-06-08 22:56:58,397 [INFO] Epoch 30: Train 0.0345 | Val 0.0146
2025-06-08 22:59:48,709 [INFO] Epoch 31: Train 0.0340 | Val 0.0138
2025-06-08 23:02:38,911 [INFO] Epoch 32: Train 0.0339 | Val 0.0155
2025-06-08 23:05:34,602 [INFO] Epoch 33: Train 0.0340 | Val 0.0153
2025-06-08 23:08:24,566 [INFO] Epoch 34: Train 0.0339 | Val 0.0138
2025-06-08 23:11:14,807 [INFO] Epoch 35: Train 0.0353 | Val 0.0152
2025-06-08 23:14:05,268 [INFO] Epoch 36: Train 0.0329 | Val 0.0135
2025-06-08 23:16:55,688 [INFO] Epoch 37: Train 0.0326 | Val 0.0145
2025-06-08 23:19:46,164 [INFO] Epoch 38: Train 0.0333 | Val 0.0131
2025-06-08 23:22:36,618 [INFO] Epoch 39: Train 0.0335 | Val 0.0133
2025-06-08 23:25:27,037 [INFO] Epoch 40: Train 0.0339 | Val 0.0151
2025-06-08 23:28:17,355 [INFO] Epoch 41: Train 0.0335 | Val 0.0153
2025-06-08 23:31:07,691 [INFO] Epoch 42: Train 0.0337 | Val 0.0143
2025-06-08 23:33:58,042 [INFO] Epoch 43: Train 0.0344 | Val 0.0158
2025-06-08 23:36:48,408 [INFO] Epoch 44: Train 0.0345 | Val 0.0149
2025-06-08 23:39:38,908 [INFO] Epoch 45: Train 0.0319 | Val 0.0136
2025-06-08 23:42:29,355 [INFO] Epoch 46: Train 0.0329 | Val 0.0160
2025-06-08 23:45:19,875 [INFO] Epoch 47: Train 0.0331 | Val 0.0139
2025-06-08 23:48:10,281 [INFO] Epoch 48: Train 0.0338 | Val 0.0162
2025-06-08 23:48:10,282 [INFO] Early stopping at epoch 48
2025-06-08 23:48:25,898 [INFO] Test Confusion Matrix:
[[ 94   0   0 ...   0   0   0]
 [  0  93   0 ...   0   0   0]
 [  0   0  40 ...   0   0   0]
 ...
 [  0   0   0 ... 801   0   0]
 [  0   0   0 ...   0  56   0]
 [  0   0   0 ...   0   0 239]]
2025-06-08 23:48:25,899 [INFO] Test Classification Report:
                                                    precision    recall  f1-score   support

                                Apple___Apple_scab     1.0000    1.0000    1.0000        94
                                 Apple___Black_rot     1.0000    1.0000    1.0000        93
                          Apple___Cedar_apple_rust     1.0000    0.9756    0.9877        41
                                   Apple___healthy     1.0000    1.0000    1.0000       247
                               Blueberry___healthy     1.0000    1.0000    1.0000       225
          Cherry_(including_sour)___Powdery_mildew     1.0000    1.0000    1.0000       158
                 Cherry_(including_sour)___healthy     1.0000    1.0000    1.0000       128
Corn_(maize)___Cercospora_leaf_spot Gray_leaf_spot     0.8537    0.9091    0.8805        77
                       Corn_(maize)___Common_rust_     1.0000    0.9832    0.9915       179
               Corn_(maize)___Northern_Leaf_Blight     0.9384    0.9257    0.9320       148
                            Corn_(maize)___healthy     1.0000    1.0000    1.0000       174
                                 Grape___Black_rot     1.0000    1.0000    1.0000       177
                      Grape___Esca_(Black_Measles)     1.0000    1.0000    1.0000       207
        Grape___Leaf_blight_(Isariopsis_Leaf_Spot)     1.0000    0.9938    0.9969       161
                                   Grape___healthy     0.9692    1.0000    0.9844        63
          Orange___Haunglongbing_(Citrus_greening)     1.0000    1.0000    1.0000       826
                            Peach___Bacterial_spot     0.9942    1.0000    0.9971       345
                                   Peach___healthy     1.0000    1.0000    1.0000        54
                     Pepper,_bell___Bacterial_spot     1.0000    0.9933    0.9967       150
                            Pepper,_bell___healthy     0.9955    1.0000    0.9978       222
                             Potato___Early_blight     0.9868    1.0000    0.9934       150
                              Potato___Late_blight     1.0000    0.9600    0.9796       150
                                  Potato___healthy     0.9583    1.0000    0.9787        23
                               Raspberry___healthy     0.9825    1.0000    0.9912        56
                                 Soybean___healthy     0.9987    0.9987    0.9987       764
                           Squash___Powdery_mildew     1.0000    1.0000    1.0000       275
                          Strawberry___Leaf_scorch     1.0000    1.0000    1.0000       166
                              Strawberry___healthy     1.0000    1.0000    1.0000        68
                           Tomato___Bacterial_spot     0.9843    0.9812    0.9827       319
                             Tomato___Early_blight     0.9859    0.9333    0.9589       150
                              Tomato___Late_blight     0.9826    0.9860    0.9843       286
                                Tomato___Leaf_Mold     1.0000    1.0000    1.0000       143
                       Tomato___Septoria_leaf_spot     0.9886    0.9812    0.9849       266
     Tomato___Spider_mites Two-spotted_spider_mite     0.9836    0.9562    0.9697       251
                              Tomato___Target_Spot     0.9266    0.9573    0.9417       211
            Tomato___Tomato_Yellow_Leaf_Curl_Virus     0.9975    0.9963    0.9969       804
                      Tomato___Tomato_mosaic_virus     1.0000    1.0000    1.0000        56
                                  Tomato___healthy     0.9560    1.0000    0.9775       239

                                          accuracy                         0.9903      8146
                                         macro avg     0.9864    0.9877    0.9869      8146
                                      weighted avg     0.9905    0.9903    0.9903      8146

