2025-05-17 16:35:25,886 [INFO] Created logger with run_dir: /scratch/s5142822/plant-disease-classification/src/training/../../logs/svm/svm_1
2025-05-17 16:35:25,888 [INFO] Starting SVM training and evaluation run in /scratch/s5142822/plant-disease-classification/src/training/../../logs/svm/svm_1
2025-05-17 16:35:25,888 [INFO] Creating data splits...
2025-05-17 16:35:26,062 [INFO] Creating datasets...
2025-05-17 16:35:26,063 [INFO] Loading and preparing training data for SVM...
2025-05-17 16:35:26,063 [INFO] Loading 6950 samples...
2025-05-17 16:35:33,873 [INFO] Loaded 500/6950 samples.
2025-05-17 16:35:41,671 [INFO] Loaded 1000/6950 samples.
2025-05-17 16:35:49,439 [INFO] Loaded 1500/6950 samples.
2025-05-17 16:35:57,508 [INFO] Loaded 2000/6950 samples.
2025-05-17 16:36:05,317 [INFO] Loaded 2500/6950 samples.
2025-05-17 16:36:13,194 [INFO] Loaded 3000/6950 samples.
2025-05-17 16:36:20,988 [INFO] Loaded 3500/6950 samples.
2025-05-17 16:36:28,819 [INFO] Loaded 4000/6950 samples.
2025-05-17 16:36:36,606 [INFO] Loaded 4500/6950 samples.
2025-05-17 16:36:44,376 [INFO] Loaded 5000/6950 samples.
2025-05-17 16:36:52,148 [INFO] Loaded 5500/6950 samples.
2025-05-17 16:36:59,989 [INFO] Loaded 6000/6950 samples.
2025-05-17 16:37:07,749 [INFO] Loaded 6500/6950 samples.
2025-05-17 16:37:14,751 [INFO] Training data shape: Features (6950, 1577), Labels (6950,)
2025-05-17 16:37:14,753 [INFO] Loading and preparing test data for SVM...
2025-05-17 16:37:14,753 [INFO] Loading 1227 samples...
2025-05-17 16:37:22,515 [INFO] Loaded 500/1227 samples.
2025-05-17 16:37:30,365 [INFO] Loaded 1000/1227 samples.
2025-05-17 16:37:33,938 [INFO] Test data shape: Features (1227, 1577), Labels (1227,)
2025-05-17 16:37:33,938 [INFO] Data preparation complete. Commencing SVM training...
2025-05-17 16:59:10,537 [INFO] Grid search complete.
2025-05-17 16:59:10,539 [INFO] Best parameters found: C=10, gamma=scale
2025-05-17 16:59:10,539 [INFO] Best cross-validation score: 0.5927
2025-05-17 16:59:10,539 [INFO] Training SVM model...
2025-05-17 16:59:31,958 [INFO] SVM training complete.
2025-05-17 16:59:32,166 [INFO] SVM model saved to /scratch/s5142822/plant-disease-classification/src/training/../../logs/svm/svm_1/svm_model_10_scale.pkl
2025-05-17 16:59:32,166 [INFO] Evaluating SVM model on the test set...
2025-05-17 16:59:41,355 [INFO] Confusion Matrix:
[[13 18 16 ...  0  0  0]
 [ 2 53  9 ...  0  0  0]
 [ 0  1 37 ...  0  0  0]
 ...
 [ 0  0  0 ...  0  0  0]
 [ 0  0  0 ...  0  0  0]
 [ 0  0  0 ...  0  0  0]]
2025-05-17 16:59:41,356 [INFO] Classification Report:
                                                    precision    recall  f1-score   support

                                Apple___Apple_scab     0.4815    0.1368    0.2131        95
                                 Apple___Black_rot     0.3841    0.5699    0.4589        93
                          Apple___Cedar_apple_rust     0.3737    0.9024    0.5286        41
                                   Apple___healthy     0.0000    0.0000    0.0000         0
                               Blueberry___healthy     0.0000    0.0000    0.0000         0
          Cherry_(including_sour)___Powdery_mildew     0.0000    0.0000    0.0000         0
                 Cherry_(including_sour)___healthy     0.7059    0.5625    0.6261       128
Corn_(maize)___Cercospora_leaf_spot Gray_leaf_spot     0.4153    0.6364    0.5026        77
                       Corn_(maize)___Common_rust_     0.7823    0.5419    0.6403       179
               Corn_(maize)___Northern_Leaf_Blight     0.5172    0.1014    0.1695       148
                            Corn_(maize)___healthy     0.8286    1.0000    0.9062       174
                                 Grape___Black_rot     0.7841    0.7797    0.7819       177
                      Grape___Esca_(Black_Measles)     0.0000    0.0000    0.0000         0
        Grape___Leaf_blight_(Isariopsis_Leaf_Spot)     0.7119    0.8235    0.7636        51
                                   Grape___healthy     0.3103    0.7031    0.4306        64
          Orange___Haunglongbing_(Citrus_greening)     0.0000    0.0000    0.0000         0
                            Peach___Bacterial_spot     0.0000    0.0000    0.0000         0
                                   Peach___healthy     0.0000    0.0000    0.0000         0
                     Pepper,_bell___Bacterial_spot     0.0000    0.0000    0.0000         0
                            Pepper,_bell___healthy     0.0000    0.0000    0.0000         0
                             Potato___Early_blight     0.0000    0.0000    0.0000         0
                              Potato___Late_blight     0.0000    0.0000    0.0000         0
                                  Potato___healthy     0.0000    0.0000    0.0000         0
                               Raspberry___healthy     0.0000    0.0000    0.0000         0
                                 Soybean___healthy     0.0000    0.0000    0.0000         0
                           Squash___Powdery_mildew     0.0000    0.0000    0.0000         0
                          Strawberry___Leaf_scorch     0.0000    0.0000    0.0000         0
                              Strawberry___healthy     0.0000    0.0000    0.0000         0
                           Tomato___Bacterial_spot     0.0000    0.0000    0.0000         0
                             Tomato___Early_blight     0.0000    0.0000    0.0000         0
                              Tomato___Late_blight     0.0000    0.0000    0.0000         0
                                Tomato___Leaf_Mold     0.0000    0.0000    0.0000         0
                       Tomato___Septoria_leaf_spot     0.0000    0.0000    0.0000         0
     Tomato___Spider_mites Two-spotted_spider_mite     0.0000    0.0000    0.0000         0
                              Tomato___Target_Spot     0.0000    0.0000    0.0000         0
            Tomato___Tomato_Yellow_Leaf_Curl_Virus     0.0000    0.0000    0.0000         0
                      Tomato___Tomato_mosaic_virus     0.0000    0.0000    0.0000         0
                                  Tomato___healthy     0.0000    0.0000    0.0000         0

                                          accuracy                         0.5990      1227
                                         macro avg     0.1657    0.1778    0.1585      1227
                                      weighted avg     0.6315    0.5990    0.5751      1227

2025-05-17 16:59:41,395 [INFO] Metrics saved to /scratch/s5142822/plant-disease-classification/src/training/../../logs/svm/svm_1/svm_model_10_scale_classification_metrics.csv
2025-05-17 16:59:41,399 [INFO] Confusion matrix saved to /scratch/s5142822/plant-disease-classification/src/training/../../logs/svm/svm_1/svm_model_10_scale_confusion_matrix.csv
2025-05-17 16:59:41,399 [INFO] SVM run finished.
2025-05-18 09:56:23,242 [INFO] Created logger with run_dir: /scratch/s5142822/plant-disease-classification/src/training/../../logs/svm/svm_1
2025-05-18 09:56:23,274 [INFO] Starting SVM training and evaluation run in /scratch/s5142822/plant-disease-classification/src/training/../../logs/svm/svm_1
2025-05-18 09:56:23,275 [INFO] Creating data splits...
2025-05-18 09:57:04,203 [INFO] Creating datasets...
2025-05-18 09:57:04,206 [INFO] Loading and preparing training data for SVM...
2025-05-18 09:57:04,206 [INFO] Loading 46159 samples...
2025-05-18 09:57:16,274 [INFO] Loaded 500/46159 samples.
2025-05-18 09:57:28,338 [INFO] Loaded 1000/46159 samples.
2025-05-18 09:57:40,089 [INFO] Loaded 1500/46159 samples.
2025-05-18 09:57:51,984 [INFO] Loaded 2000/46159 samples.
2025-05-18 09:58:03,909 [INFO] Loaded 2500/46159 samples.
2025-05-18 09:58:15,663 [INFO] Loaded 3000/46159 samples.
2025-05-18 09:58:27,648 [INFO] Loaded 3500/46159 samples.
2025-05-18 09:58:39,487 [INFO] Loaded 4000/46159 samples.
2025-05-18 09:58:52,267 [INFO] Loaded 4500/46159 samples.
2025-05-18 09:59:03,584 [INFO] Loaded 5000/46159 samples.
2025-05-18 09:59:15,190 [INFO] Loaded 5500/46159 samples.
2025-05-18 09:59:27,613 [INFO] Loaded 6000/46159 samples.
2025-05-18 09:59:39,465 [INFO] Loaded 6500/46159 samples.
2025-05-18 09:59:51,706 [INFO] Loaded 7000/46159 samples.
2025-05-18 10:00:03,976 [INFO] Loaded 7500/46159 samples.
2025-05-18 10:00:16,043 [INFO] Loaded 8000/46159 samples.
2025-05-18 10:00:27,451 [INFO] Loaded 8500/46159 samples.
2025-05-18 10:00:38,756 [INFO] Loaded 9000/46159 samples.
2025-05-18 10:00:50,704 [INFO] Loaded 9500/46159 samples.
2025-05-18 10:01:02,589 [INFO] Loaded 10000/46159 samples.
2025-05-18 10:01:14,094 [INFO] Loaded 10500/46159 samples.
2025-05-18 10:01:25,663 [INFO] Loaded 11000/46159 samples.
2025-05-18 10:01:37,108 [INFO] Loaded 11500/46159 samples.
2025-05-18 10:01:49,428 [INFO] Loaded 12000/46159 samples.
2025-05-18 10:02:01,592 [INFO] Loaded 12500/46159 samples.
2025-05-18 10:02:13,255 [INFO] Loaded 13000/46159 samples.
2025-05-18 10:02:24,846 [INFO] Loaded 13500/46159 samples.
2025-05-18 10:02:36,730 [INFO] Loaded 14000/46159 samples.
2025-05-18 10:02:48,927 [INFO] Loaded 14500/46159 samples.
2025-05-18 10:03:00,510 [INFO] Loaded 15000/46159 samples.
2025-05-18 10:03:12,262 [INFO] Loaded 15500/46159 samples.
2025-05-18 10:03:23,943 [INFO] Loaded 16000/46159 samples.
2025-05-18 10:03:35,716 [INFO] Loaded 16500/46159 samples.
2025-05-18 10:03:47,653 [INFO] Loaded 17000/46159 samples.
2025-05-18 10:03:59,250 [INFO] Loaded 17500/46159 samples.
2025-05-18 10:04:10,806 [INFO] Loaded 18000/46159 samples.
2025-05-18 10:04:22,348 [INFO] Loaded 18500/46159 samples.
2025-05-18 10:04:33,888 [INFO] Loaded 19000/46159 samples.
2025-05-18 10:04:45,752 [INFO] Loaded 19500/46159 samples.
2025-05-18 10:04:57,691 [INFO] Loaded 20000/46159 samples.
2025-05-18 10:05:09,405 [INFO] Loaded 20500/46159 samples.
2025-05-18 10:05:21,207 [INFO] Loaded 21000/46159 samples.
2025-05-18 10:05:33,032 [INFO] Loaded 21500/46159 samples.
2025-05-18 10:05:44,954 [INFO] Loaded 22000/46159 samples.
2025-05-18 10:05:57,044 [INFO] Loaded 22500/46159 samples.
2025-05-18 10:06:09,212 [INFO] Loaded 23000/46159 samples.
2025-05-18 10:06:21,195 [INFO] Loaded 23500/46159 samples.
2025-05-18 10:06:33,745 [INFO] Loaded 24000/46159 samples.
2025-05-18 10:06:45,539 [INFO] Loaded 24500/46159 samples.
2025-05-18 10:06:57,126 [INFO] Loaded 25000/46159 samples.
2025-05-18 10:07:08,729 [INFO] Loaded 25500/46159 samples.
2025-05-18 10:07:20,280 [INFO] Loaded 26000/46159 samples.
2025-05-18 10:07:32,427 [INFO] Loaded 26500/46159 samples.
2025-05-18 10:07:43,972 [INFO] Loaded 27000/46159 samples.
2025-05-18 10:07:55,568 [INFO] Loaded 27500/46159 samples.
2025-05-18 10:08:07,158 [INFO] Loaded 28000/46159 samples.
2025-05-18 10:08:18,706 [INFO] Loaded 28500/46159 samples.
2025-05-18 10:08:30,150 [INFO] Loaded 29000/46159 samples.
2025-05-18 10:08:41,627 [INFO] Loaded 29500/46159 samples.
2025-05-18 10:08:53,140 [INFO] Loaded 30000/46159 samples.
2025-05-18 10:09:04,858 [INFO] Loaded 30500/46159 samples.
2025-05-18 10:09:16,821 [INFO] Loaded 31000/46159 samples.
2025-05-18 10:09:28,657 [INFO] Loaded 31500/46159 samples.
2025-05-18 10:09:41,022 [INFO] Loaded 32000/46159 samples.
2025-05-18 10:09:52,856 [INFO] Loaded 32500/46159 samples.
2025-05-18 10:10:04,408 [INFO] Loaded 33000/46159 samples.
2025-05-18 10:10:15,894 [INFO] Loaded 33500/46159 samples.
2025-05-18 10:10:27,602 [INFO] Loaded 34000/46159 samples.
2025-05-18 10:10:39,552 [INFO] Loaded 34500/46159 samples.
2025-05-18 10:10:50,933 [INFO] Loaded 35000/46159 samples.
2025-05-18 10:11:02,536 [INFO] Loaded 35500/46159 samples.
2025-05-18 10:11:14,371 [INFO] Loaded 36000/46159 samples.
2025-05-18 10:11:26,213 [INFO] Loaded 36500/46159 samples.
2025-05-18 10:11:37,946 [INFO] Loaded 37000/46159 samples.
2025-05-18 10:11:49,898 [INFO] Loaded 37500/46159 samples.
2025-05-18 10:12:01,666 [INFO] Loaded 38000/46159 samples.
2025-05-18 10:12:13,108 [INFO] Loaded 38500/46159 samples.
2025-05-18 10:12:24,966 [INFO] Loaded 39000/46159 samples.
2025-05-18 10:12:36,697 [INFO] Loaded 39500/46159 samples.
2025-05-18 10:12:48,426 [INFO] Loaded 40000/46159 samples.
2025-05-18 10:13:00,264 [INFO] Loaded 40500/46159 samples.
2025-05-18 10:13:12,253 [INFO] Loaded 41000/46159 samples.
2025-05-18 10:13:23,941 [INFO] Loaded 41500/46159 samples.
2025-05-18 10:13:35,334 [INFO] Loaded 42000/46159 samples.
2025-05-18 10:13:47,209 [INFO] Loaded 42500/46159 samples.
2025-05-18 10:13:58,690 [INFO] Loaded 43000/46159 samples.
2025-05-18 10:14:10,349 [INFO] Loaded 43500/46159 samples.
2025-05-18 10:14:21,912 [INFO] Loaded 44000/46159 samples.
2025-05-18 10:14:33,520 [INFO] Loaded 44500/46159 samples.
2025-05-18 10:14:44,902 [INFO] Loaded 45000/46159 samples.
2025-05-18 10:14:56,661 [INFO] Loaded 45500/46159 samples.
2025-05-18 10:15:08,391 [INFO] Loaded 46000/46159 samples.
2025-05-18 10:15:12,666 [INFO] Training data shape: Features (46159, 1577), Labels (46159,)
2025-05-18 10:15:12,667 [INFO] Loading and preparing test data for SVM...
2025-05-18 10:15:12,667 [INFO] Loading 8146 samples...
2025-05-18 10:15:24,155 [INFO] Loaded 500/8146 samples.
2025-05-18 10:15:36,122 [INFO] Loaded 1000/8146 samples.
2025-05-18 10:15:47,901 [INFO] Loaded 1500/8146 samples.
2025-05-18 10:15:59,939 [INFO] Loaded 2000/8146 samples.
2025-05-18 10:16:11,964 [INFO] Loaded 2500/8146 samples.
2025-05-18 10:16:23,865 [INFO] Loaded 3000/8146 samples.
2025-05-18 10:16:35,313 [INFO] Loaded 3500/8146 samples.
2025-05-18 10:16:46,955 [INFO] Loaded 4000/8146 samples.
2025-05-18 10:16:58,464 [INFO] Loaded 4500/8146 samples.
2025-05-18 10:17:10,086 [INFO] Loaded 5000/8146 samples.
2025-05-18 10:17:22,005 [INFO] Loaded 5500/8146 samples.
2025-05-18 10:17:33,518 [INFO] Loaded 6000/8146 samples.
2025-05-18 10:17:45,297 [INFO] Loaded 6500/8146 samples.
2025-05-18 10:17:57,189 [INFO] Loaded 7000/8146 samples.
2025-05-18 10:18:09,172 [INFO] Loaded 7500/8146 samples.
2025-05-18 10:18:21,217 [INFO] Loaded 8000/8146 samples.
2025-05-18 10:18:24,878 [INFO] Test data shape: Features (8146, 1577), Labels (8146,)
2025-05-18 10:18:24,878 [INFO] Data preparation complete. Commencing SVM training...
2025-05-18 10:26:07,172 [INFO] Created logger with run_dir: /scratch/s5142822/plant-disease-classification/src/training/../../logs/svm/svm_1
2025-05-18 10:26:07,173 [INFO] Starting SVM training and evaluation run in /scratch/s5142822/plant-disease-classification/src/training/../../logs/svm/svm_1
2025-05-18 10:26:07,173 [INFO] Creating data splits...
2025-05-18 10:26:19,951 [INFO] Creating datasets...
2025-05-18 10:26:19,951 [INFO] Loading and preparing training data for SVM...
2025-05-18 10:26:19,951 [INFO] Loading 46159 samples...
2025-05-18 12:19:01,145 [INFO] Created logger with run_dir: /scratch/s5142822/plant-disease-classification/src/training/../../logs/svm/svm_1
2025-05-18 12:19:01,176 [INFO] Starting SVM training and evaluation run in /scratch/s5142822/plant-disease-classification/src/training/../../logs/svm/svm_1
2025-05-18 12:19:01,176 [INFO] Creating data splits...
2025-05-18 12:19:23,585 [INFO] Creating datasets...
2025-05-18 12:19:23,587 [INFO] Loading and preparing training data for SVM...
2025-05-18 12:19:23,588 [INFO] Loading 46159 samples...
2025-05-18 12:19:23,667 [INFO] Training data shape: Features (1, 196608), Labels (1,)
2025-05-18 12:19:23,667 [INFO] Loading and preparing test data for SVM...
2025-05-18 12:19:23,667 [INFO] Loading 8146 samples...
2025-05-18 12:19:23,683 [INFO] Test data shape: Features (1, 196608), Labels (1,)
2025-05-18 12:19:23,683 [INFO] Data preparation complete. Commencing SVM training...
2025-05-18 12:23:09,116 [INFO] Created logger with run_dir: /scratch/s5142822/plant-disease-classification/src/training/../../logs/svm/svm_1
2025-05-18 12:23:09,118 [INFO] Starting SVM training and evaluation run in /scratch/s5142822/plant-disease-classification/src/training/../../logs/svm/svm_1
2025-05-18 12:23:09,118 [INFO] Creating data splits...
2025-05-18 12:23:39,368 [INFO] Creating datasets...
2025-05-18 12:23:39,368 [INFO] Loading and preparing training data for SVM...
2025-05-18 12:23:39,369 [INFO] Loading 46159 samples...
2025-05-18 12:23:47,424 [INFO] Loaded 500/46159 samples.
2025-05-18 12:23:55,413 [INFO] Loaded 1000/46159 samples.
2025-05-18 12:24:02,942 [INFO] Loaded 1500/46159 samples.
2025-05-18 12:24:10,621 [INFO] Loaded 2000/46159 samples.
2025-05-18 12:24:18,399 [INFO] Loaded 2500/46159 samples.
2025-05-18 12:24:26,154 [INFO] Loaded 3000/46159 samples.
2025-05-18 12:24:33,493 [INFO] Loaded 3500/46159 samples.
2025-05-18 12:24:41,529 [INFO] Loaded 4000/46159 samples.
2025-05-18 12:24:49,072 [INFO] Loaded 4500/46159 samples.
2025-05-18 12:24:56,663 [INFO] Loaded 5000/46159 samples.
2025-05-18 12:25:04,572 [INFO] Loaded 5500/46159 samples.
2025-05-18 12:25:13,104 [INFO] Loaded 6000/46159 samples.
2025-05-18 12:25:22,628 [INFO] Loaded 6500/46159 samples.
2025-05-18 12:25:31,411 [INFO] Loaded 7000/46159 samples.
2025-05-18 12:25:39,925 [INFO] Loaded 7500/46159 samples.
2025-05-18 12:25:47,707 [INFO] Loaded 8000/46159 samples.
2025-05-18 12:25:55,798 [INFO] Loaded 8500/46159 samples.
2025-05-18 12:26:04,215 [INFO] Loaded 9000/46159 samples.
2025-05-18 12:26:12,315 [INFO] Loaded 9500/46159 samples.
2025-05-18 12:26:19,924 [INFO] Loaded 10000/46159 samples.
2025-05-18 12:26:27,934 [INFO] Loaded 10500/46159 samples.
2025-05-18 12:26:35,617 [INFO] Loaded 11000/46159 samples.
2025-05-18 12:26:44,040 [INFO] Loaded 11500/46159 samples.
2025-05-18 12:26:51,401 [INFO] Loaded 12000/46159 samples.
2025-05-18 12:26:59,345 [INFO] Loaded 12500/46159 samples.
2025-05-18 12:27:07,283 [INFO] Loaded 13000/46159 samples.
2025-05-18 12:27:15,394 [INFO] Loaded 13500/46159 samples.
2025-05-18 12:27:23,049 [INFO] Loaded 14000/46159 samples.
2025-05-18 12:27:30,550 [INFO] Loaded 14500/46159 samples.
2025-05-18 12:27:38,568 [INFO] Loaded 15000/46159 samples.
2025-05-18 12:27:46,313 [INFO] Loaded 15500/46159 samples.
2025-05-18 12:27:53,866 [INFO] Loaded 16000/46159 samples.
2025-05-18 12:28:01,302 [INFO] Loaded 16500/46159 samples.
2025-05-18 12:28:08,840 [INFO] Loaded 17000/46159 samples.
2025-05-18 12:28:16,227 [INFO] Loaded 17500/46159 samples.
2025-05-18 12:28:23,560 [INFO] Loaded 18000/46159 samples.
2025-05-18 12:28:31,505 [INFO] Loaded 18500/46159 samples.
2025-05-18 12:28:38,794 [INFO] Loaded 19000/46159 samples.
2025-05-18 12:28:46,633 [INFO] Loaded 19500/46159 samples.
2025-05-18 12:28:53,192 [INFO] Loaded 20000/46159 samples.
2025-05-18 12:29:01,484 [INFO] Loaded 20500/46159 samples.
2025-05-18 12:29:08,406 [INFO] Loaded 21000/46159 samples.
2025-05-18 12:29:15,896 [INFO] Loaded 21500/46159 samples.
2025-05-18 12:29:23,791 [INFO] Loaded 22000/46159 samples.
2025-05-18 12:29:31,464 [INFO] Loaded 22500/46159 samples.
2025-05-18 12:29:39,816 [INFO] Loaded 23000/46159 samples.
2025-05-18 12:29:48,089 [INFO] Loaded 23500/46159 samples.
2025-05-18 12:29:55,916 [INFO] Loaded 24000/46159 samples.
2025-05-18 12:30:03,895 [INFO] Loaded 24500/46159 samples.
2025-05-18 12:30:11,349 [INFO] Loaded 25000/46159 samples.
2025-05-18 12:30:18,742 [INFO] Loaded 25500/46159 samples.
2025-05-18 12:30:26,566 [INFO] Loaded 26000/46159 samples.
2025-05-18 12:30:34,183 [INFO] Loaded 26500/46159 samples.
2025-05-18 12:30:41,969 [INFO] Loaded 27000/46159 samples.
2025-05-18 12:30:49,319 [INFO] Loaded 27500/46159 samples.
2025-05-18 12:30:56,475 [INFO] Loaded 28000/46159 samples.
2025-05-18 12:31:03,863 [INFO] Loaded 28500/46159 samples.
2025-05-18 12:31:10,739 [INFO] Loaded 29000/46159 samples.
2025-05-18 12:31:18,027 [INFO] Loaded 29500/46159 samples.
2025-05-18 12:31:25,081 [INFO] Loaded 30000/46159 samples.
2025-05-18 12:31:32,909 [INFO] Loaded 30500/46159 samples.
2025-05-18 12:31:40,237 [INFO] Loaded 31000/46159 samples.
2025-05-18 12:31:48,268 [INFO] Loaded 31500/46159 samples.
2025-05-18 12:31:55,624 [INFO] Loaded 32000/46159 samples.
2025-05-18 12:32:03,488 [INFO] Loaded 32500/46159 samples.
2025-05-18 12:32:11,089 [INFO] Loaded 33000/46159 samples.
2025-05-18 12:32:18,259 [INFO] Loaded 33500/46159 samples.
2025-05-18 12:32:26,014 [INFO] Loaded 34000/46159 samples.
2025-05-18 12:32:33,069 [INFO] Loaded 34500/46159 samples.
2025-05-18 12:32:41,232 [INFO] Loaded 35000/46159 samples.
2025-05-18 12:32:49,136 [INFO] Loaded 35500/46159 samples.
2025-05-18 12:32:57,128 [INFO] Loaded 36000/46159 samples.
2025-05-18 12:33:05,522 [INFO] Loaded 36500/46159 samples.
2025-05-18 12:39:39,548 [INFO] Created logger with run_dir: /scratch/s5142822/plant-disease-classification/src/training/../../logs/svm/svm_1
2025-05-18 12:39:39,549 [INFO] Starting SVM training and evaluation run in /scratch/s5142822/plant-disease-classification/src/training/../../logs/svm/svm_1
2025-05-18 12:39:39,549 [INFO] Creating data splits...
2025-05-18 12:39:40,556 [INFO] Creating datasets...
2025-05-18 12:39:40,556 [INFO] Loading and preparing training data for SVM...
2025-05-18 12:39:40,556 [INFO] Loading 46159 samples...
2025-05-18 12:39:44,528 [INFO] Loaded 500/46159 samples.
2025-05-18 12:39:49,372 [INFO] Loaded 1000/46159 samples.
2025-05-18 12:39:53,283 [INFO] Loaded 1500/46159 samples.
2025-05-18 12:39:57,199 [INFO] Loaded 2000/46159 samples.
2025-05-18 12:40:01,025 [INFO] Loaded 2500/46159 samples.
2025-05-18 12:40:04,308 [INFO] Loaded 3000/46159 samples.
2025-05-18 12:40:08,136 [INFO] Loaded 3500/46159 samples.
2025-05-18 12:40:11,621 [INFO] Loaded 4000/46159 samples.
2025-05-18 12:40:15,645 [INFO] Loaded 4500/46159 samples.
2025-05-18 12:40:19,424 [INFO] Loaded 5000/46159 samples.
2025-05-18 12:40:22,444 [INFO] Loaded 5500/46159 samples.
2025-05-18 12:40:26,157 [INFO] Loaded 6000/46159 samples.
2025-05-18 12:40:29,460 [INFO] Loaded 6500/46159 samples.
2025-05-18 12:40:33,194 [INFO] Loaded 7000/46159 samples.
2025-05-18 12:40:37,444 [INFO] Loaded 7500/46159 samples.
2025-05-18 12:40:40,977 [INFO] Loaded 8000/46159 samples.
2025-05-18 12:40:44,573 [INFO] Loaded 8500/46159 samples.
2025-05-18 12:40:48,209 [INFO] Loaded 9000/46159 samples.
2025-05-18 12:40:51,811 [INFO] Loaded 9500/46159 samples.
2025-05-18 12:40:55,318 [INFO] Loaded 10000/46159 samples.
2025-05-18 12:40:59,029 [INFO] Loaded 10500/46159 samples.
2025-05-18 12:41:03,416 [INFO] Loaded 11000/46159 samples.
2025-05-18 12:41:07,302 [INFO] Loaded 11500/46159 samples.
2025-05-18 12:41:10,691 [INFO] Loaded 12000/46159 samples.
2025-05-18 12:41:14,787 [INFO] Loaded 12500/46159 samples.
2025-05-18 12:41:18,567 [INFO] Loaded 13000/46159 samples.
2025-05-18 12:41:22,314 [INFO] Loaded 13500/46159 samples.
2025-05-18 12:41:26,380 [INFO] Loaded 14000/46159 samples.
2025-05-18 12:41:30,007 [INFO] Loaded 14500/46159 samples.
2025-05-18 12:41:33,341 [INFO] Loaded 15000/46159 samples.
2025-05-18 12:41:36,750 [INFO] Loaded 15500/46159 samples.
2025-05-18 12:41:40,472 [INFO] Loaded 16000/46159 samples.
2025-05-18 12:41:44,700 [INFO] Loaded 16500/46159 samples.
2025-05-18 12:41:48,578 [INFO] Loaded 17000/46159 samples.
2025-05-18 12:41:52,473 [INFO] Loaded 17500/46159 samples.
2025-05-18 12:41:56,502 [INFO] Loaded 18000/46159 samples.
2025-05-18 12:41:59,826 [INFO] Loaded 18500/46159 samples.
2025-05-18 12:42:03,200 [INFO] Loaded 19000/46159 samples.
2025-05-18 12:42:06,754 [INFO] Loaded 19500/46159 samples.
2025-05-18 12:42:10,511 [INFO] Loaded 20000/46159 samples.
2025-05-18 12:42:14,304 [INFO] Loaded 20500/46159 samples.
2025-05-18 12:42:17,583 [INFO] Loaded 21000/46159 samples.
2025-05-18 12:42:21,648 [INFO] Loaded 21500/46159 samples.
2025-05-18 12:42:25,891 [INFO] Loaded 22000/46159 samples.
2025-05-18 12:42:29,965 [INFO] Loaded 22500/46159 samples.
2025-05-18 12:42:33,622 [INFO] Loaded 23000/46159 samples.
2025-05-18 12:42:37,048 [INFO] Loaded 23500/46159 samples.
2025-05-18 12:42:40,850 [INFO] Loaded 24000/46159 samples.
2025-05-18 12:42:44,673 [INFO] Loaded 24500/46159 samples.
2025-05-18 12:42:48,506 [INFO] Loaded 25000/46159 samples.
2025-05-18 12:42:52,566 [INFO] Loaded 25500/46159 samples.
2025-05-18 12:42:56,148 [INFO] Loaded 26000/46159 samples.
2025-05-18 12:42:59,843 [INFO] Loaded 26500/46159 samples.
2025-05-18 12:43:03,848 [INFO] Loaded 27000/46159 samples.
2025-05-18 12:43:07,649 [INFO] Loaded 27500/46159 samples.
2025-05-18 12:43:12,256 [INFO] Loaded 28000/46159 samples.
2025-05-18 12:43:16,426 [INFO] Loaded 28500/46159 samples.
2025-05-18 12:43:21,193 [INFO] Loaded 29000/46159 samples.
2025-05-18 12:43:25,840 [INFO] Loaded 29500/46159 samples.
2025-05-18 12:43:30,343 [INFO] Loaded 30000/46159 samples.
2025-05-18 12:43:35,203 [INFO] Loaded 30500/46159 samples.
2025-05-18 12:43:40,396 [INFO] Loaded 31000/46159 samples.
2025-05-18 12:43:44,580 [INFO] Loaded 31500/46159 samples.
2025-05-18 12:43:49,578 [INFO] Loaded 32000/46159 samples.
2025-05-18 12:43:54,530 [INFO] Loaded 32500/46159 samples.
2025-05-18 12:43:58,717 [INFO] Loaded 33000/46159 samples.
2025-05-18 12:44:03,829 [INFO] Loaded 33500/46159 samples.
2025-05-18 12:44:08,460 [INFO] Loaded 34000/46159 samples.
2025-05-18 12:44:13,283 [INFO] Loaded 34500/46159 samples.
2025-05-18 12:44:17,755 [INFO] Loaded 35000/46159 samples.
2025-05-18 12:44:22,178 [INFO] Loaded 35500/46159 samples.
2025-05-18 12:44:26,709 [INFO] Loaded 36000/46159 samples.
2025-05-18 12:44:31,262 [INFO] Loaded 36500/46159 samples.
2025-05-18 12:44:35,487 [INFO] Loaded 37000/46159 samples.
2025-05-18 12:44:40,411 [INFO] Loaded 37500/46159 samples.
2025-05-18 12:44:44,684 [INFO] Loaded 38000/46159 samples.
2025-05-18 12:44:48,697 [INFO] Loaded 38500/46159 samples.
2025-05-18 12:44:52,918 [INFO] Loaded 39000/46159 samples.
2025-05-18 12:44:57,143 [INFO] Loaded 39500/46159 samples.
2025-05-18 12:45:01,764 [INFO] Loaded 40000/46159 samples.
2025-05-18 12:45:06,592 [INFO] Loaded 40500/46159 samples.
2025-05-18 12:45:10,948 [INFO] Loaded 41000/46159 samples.
2025-05-18 12:45:15,850 [INFO] Loaded 41500/46159 samples.
2025-05-18 12:45:20,274 [INFO] Loaded 42000/46159 samples.
2025-05-18 12:45:24,735 [INFO] Loaded 42500/46159 samples.
2025-05-18 12:45:29,300 [INFO] Loaded 43000/46159 samples.
2025-05-18 12:45:33,723 [INFO] Loaded 43500/46159 samples.
2025-05-18 12:45:38,454 [INFO] Loaded 44000/46159 samples.
2025-05-18 12:45:43,186 [INFO] Loaded 44500/46159 samples.
2025-05-18 12:45:47,525 [INFO] Loaded 45000/46159 samples.
2025-05-18 12:45:51,873 [INFO] Loaded 45500/46159 samples.
2025-05-18 12:45:56,227 [INFO] Loaded 46000/46159 samples.
2025-05-18 13:04:49,550 [INFO] Created logger with run_dir: /scratch/s5142822/plant-disease-classification/src/training/../../logs/svm/svm_1
2025-05-18 13:04:49,551 [INFO] Starting SVM training and evaluation run in /scratch/s5142822/plant-disease-classification/src/training/../../logs/svm/svm_1
2025-05-18 13:04:49,551 [INFO] Creating data splits...
2025-05-18 13:05:24,166 [INFO] Creating datasets...
2025-05-18 13:05:24,168 [INFO] Loading and preparing training data for SVM...
2025-05-18 13:05:24,169 [INFO] Loading 46159 samples...
2025-05-18 13:05:26,937 [INFO] Loaded 500/46159 samples.
2025-05-18 13:05:29,776 [INFO] Loaded 1000/46159 samples.
2025-05-18 13:05:32,775 [INFO] Loaded 1500/46159 samples.
2025-05-18 13:05:35,397 [INFO] Loaded 2000/46159 samples.
2025-05-18 13:05:37,960 [INFO] Loaded 2500/46159 samples.
2025-05-18 13:05:40,579 [INFO] Loaded 3000/46159 samples.
2025-05-18 13:05:43,109 [INFO] Loaded 3500/46159 samples.
2025-05-18 13:05:46,048 [INFO] Loaded 4000/46159 samples.
2025-05-18 13:05:48,691 [INFO] Loaded 4500/46159 samples.
2025-05-18 13:05:51,395 [INFO] Loaded 5000/46159 samples.
2025-05-18 13:05:54,208 [INFO] Loaded 5500/46159 samples.
2025-05-18 13:05:56,804 [INFO] Loaded 6000/46159 samples.
2025-05-18 13:05:59,065 [INFO] Loaded 6500/46159 samples.
2025-05-18 13:06:01,318 [INFO] Loaded 7000/46159 samples.
2025-05-18 13:06:04,077 [INFO] Loaded 7500/46159 samples.
2025-05-18 13:06:06,571 [INFO] Loaded 8000/46159 samples.
2025-05-18 13:06:09,020 [INFO] Loaded 8500/46159 samples.
2025-05-18 13:06:11,645 [INFO] Loaded 9000/46159 samples.
2025-05-18 13:06:14,238 [INFO] Loaded 9500/46159 samples.
2025-05-18 13:06:17,060 [INFO] Loaded 10000/46159 samples.
2025-05-18 13:06:19,537 [INFO] Loaded 10500/46159 samples.
2025-05-18 13:06:22,225 [INFO] Loaded 11000/46159 samples.
2025-05-18 13:06:24,616 [INFO] Loaded 11500/46159 samples.
2025-05-18 13:06:27,366 [INFO] Loaded 12000/46159 samples.
2025-05-18 13:06:29,918 [INFO] Loaded 12500/46159 samples.
2025-05-18 13:06:32,565 [INFO] Loaded 13000/46159 samples.
2025-05-18 13:06:35,126 [INFO] Loaded 13500/46159 samples.
2025-05-18 13:06:37,723 [INFO] Loaded 14000/46159 samples.
2025-05-18 13:06:40,315 [INFO] Loaded 14500/46159 samples.
2025-05-18 13:06:42,733 [INFO] Loaded 15000/46159 samples.
2025-05-18 13:06:45,467 [INFO] Loaded 15500/46159 samples.
2025-05-18 13:06:48,005 [INFO] Loaded 16000/46159 samples.
2025-05-18 13:06:50,570 [INFO] Loaded 16500/46159 samples.
2025-05-18 13:06:53,592 [INFO] Loaded 17000/46159 samples.
2025-05-18 13:06:56,447 [INFO] Loaded 17500/46159 samples.
2025-05-18 13:06:59,128 [INFO] Loaded 18000/46159 samples.
2025-05-18 13:07:01,664 [INFO] Loaded 18500/46159 samples.
2025-05-18 13:07:04,403 [INFO] Loaded 19000/46159 samples.
2025-05-18 13:07:06,963 [INFO] Loaded 19500/46159 samples.
2025-05-18 13:07:09,287 [INFO] Loaded 20000/46159 samples.
2025-05-18 13:07:11,903 [INFO] Loaded 20500/46159 samples.
2025-05-18 13:07:14,647 [INFO] Loaded 21000/46159 samples.
2025-05-18 13:07:17,166 [INFO] Loaded 21500/46159 samples.
2025-05-18 13:07:19,632 [INFO] Loaded 22000/46159 samples.
2025-05-18 13:07:22,367 [INFO] Loaded 22500/46159 samples.
2025-05-18 13:07:24,991 [INFO] Loaded 23000/46159 samples.
2025-05-18 13:07:27,406 [INFO] Loaded 23500/46159 samples.
2025-05-18 13:07:29,844 [INFO] Loaded 24000/46159 samples.
2025-05-18 13:07:32,508 [INFO] Loaded 24500/46159 samples.
2025-05-18 13:07:35,383 [INFO] Loaded 25000/46159 samples.
2025-05-18 13:07:37,921 [INFO] Loaded 25500/46159 samples.
2025-05-18 13:07:40,469 [INFO] Loaded 26000/46159 samples.
2025-05-18 13:07:43,075 [INFO] Loaded 26500/46159 samples.
2025-05-18 13:07:45,553 [INFO] Loaded 27000/46159 samples.
2025-05-18 13:07:48,079 [INFO] Loaded 27500/46159 samples.
2025-05-18 13:07:50,591 [INFO] Loaded 28000/46159 samples.
2025-05-18 13:07:53,007 [INFO] Loaded 28500/46159 samples.
2025-05-18 13:07:55,573 [INFO] Loaded 29000/46159 samples.
2025-05-18 13:07:58,180 [INFO] Loaded 29500/46159 samples.
2025-05-18 13:08:00,892 [INFO] Loaded 30000/46159 samples.
2025-05-18 13:08:03,489 [INFO] Loaded 30500/46159 samples.
2025-05-18 13:08:05,921 [INFO] Loaded 31000/46159 samples.
2025-05-18 13:08:08,549 [INFO] Loaded 31500/46159 samples.
2025-05-18 13:08:11,263 [INFO] Loaded 32000/46159 samples.
2025-05-18 13:08:13,836 [INFO] Loaded 32500/46159 samples.
2025-05-18 13:08:16,434 [INFO] Loaded 33000/46159 samples.
2025-05-18 13:08:18,996 [INFO] Loaded 33500/46159 samples.
2025-05-18 13:08:21,571 [INFO] Loaded 34000/46159 samples.
2025-05-18 13:08:24,396 [INFO] Loaded 34500/46159 samples.
2025-05-18 13:08:26,977 [INFO] Loaded 35000/46159 samples.
2025-05-18 13:08:29,930 [INFO] Loaded 35500/46159 samples.
2025-05-18 13:08:32,697 [INFO] Loaded 36000/46159 samples.
2025-05-18 13:08:35,555 [INFO] Loaded 36500/46159 samples.
2025-05-18 13:08:38,190 [INFO] Loaded 37000/46159 samples.
2025-05-18 13:08:40,799 [INFO] Loaded 37500/46159 samples.
2025-05-18 13:08:43,416 [INFO] Loaded 38000/46159 samples.
2025-05-18 13:08:45,643 [INFO] Loaded 38500/46159 samples.
2025-05-18 13:08:48,269 [INFO] Loaded 39000/46159 samples.
2025-05-18 13:08:51,211 [INFO] Loaded 39500/46159 samples.
2025-05-18 13:08:53,781 [INFO] Loaded 40000/46159 samples.
2025-05-18 13:08:56,254 [INFO] Loaded 40500/46159 samples.
2025-05-18 13:08:59,128 [INFO] Loaded 41000/46159 samples.
2025-05-18 13:09:01,629 [INFO] Loaded 41500/46159 samples.
2025-05-18 13:09:04,429 [INFO] Loaded 42000/46159 samples.
2025-05-18 13:09:06,922 [INFO] Loaded 42500/46159 samples.
2025-05-18 13:09:09,405 [INFO] Loaded 43000/46159 samples.
2025-05-18 13:09:12,046 [INFO] Loaded 43500/46159 samples.
2025-05-18 13:09:14,697 [INFO] Loaded 44000/46159 samples.
2025-05-18 13:09:17,775 [INFO] Loaded 44500/46159 samples.
2025-05-18 13:09:20,312 [INFO] Loaded 45000/46159 samples.
2025-05-18 13:09:23,062 [INFO] Loaded 45500/46159 samples.
2025-05-18 13:09:25,502 [INFO] Loaded 46000/46159 samples.
2025-05-18 13:09:34,274 [INFO] Training data shape: Features (46159, 12288), Labels (46159,)
2025-05-18 13:09:34,274 [INFO] Loading and preparing test data for SVM...
2025-05-18 13:09:34,274 [INFO] Loading 8146 samples...
2025-05-18 13:09:36,860 [INFO] Loaded 500/8146 samples.
2025-05-18 13:09:39,452 [INFO] Loaded 1000/8146 samples.
2025-05-18 13:09:41,976 [INFO] Loaded 1500/8146 samples.
2025-05-18 13:09:44,679 [INFO] Loaded 2000/8146 samples.
2025-05-18 13:09:47,484 [INFO] Loaded 2500/8146 samples.
2025-05-18 13:09:49,949 [INFO] Loaded 3000/8146 samples.
2025-05-18 13:09:52,624 [INFO] Loaded 3500/8146 samples.
2025-05-18 13:09:55,308 [INFO] Loaded 4000/8146 samples.
2025-05-18 13:09:57,765 [INFO] Loaded 4500/8146 samples.
2025-05-18 13:10:00,650 [INFO] Loaded 5000/8146 samples.
2025-05-18 13:10:03,160 [INFO] Loaded 5500/8146 samples.
2025-05-18 13:10:05,671 [INFO] Loaded 6000/8146 samples.
2025-05-18 13:10:08,493 [INFO] Loaded 6500/8146 samples.
2025-05-18 13:10:11,568 [INFO] Loaded 7000/8146 samples.
2025-05-18 13:10:14,333 [INFO] Loaded 7500/8146 samples.
2025-05-18 13:10:16,976 [INFO] Loaded 8000/8146 samples.
2025-05-18 13:10:18,524 [INFO] Test data shape: Features (8146, 12288), Labels (8146,)
2025-05-18 13:10:18,525 [INFO] Data preparation complete. Commencing SVM training...
2025-05-18 13:53:10,616 [INFO] Created logger with run_dir: /scratch/s5142822/plant-disease-classification/src/training/../../logs/svm/svm_1
2025-05-18 13:53:10,618 [INFO] Starting SVM training and evaluation run in /scratch/s5142822/plant-disease-classification/src/training/../../logs/svm/svm_1
2025-05-18 13:53:10,618 [INFO] Creating data splits...
2025-05-18 13:53:42,744 [INFO] Creating datasets...
2025-05-18 13:53:42,744 [INFO] Loading and preparing training data for SVM...
2025-05-18 13:53:42,744 [INFO] Loading 46159 samples...
2025-05-18 13:55:59,986 [INFO] Training data shape: Features (46159, 49152), Labels (46159,)
2025-05-18 13:55:59,987 [INFO] Loading and preparing test data for SVM...
2025-05-18 13:55:59,987 [INFO] Loading 8146 samples...
2025-05-18 13:56:23,338 [INFO] Test data shape: Features (8146, 49152), Labels (8146,)
2025-05-18 13:56:23,339 [INFO] Data preparation complete. Commencing SVM training...
2025-05-18 15:38:20,414 [INFO] Created logger with run_dir: /scratch/s5142822/plant-disease-classification/src/training/../../logs/svm/svm_1
2025-05-18 15:38:20,451 [INFO] Starting SVM training and evaluation run in /scratch/s5142822/plant-disease-classification/src/training/../../logs/svm/svm_1
2025-05-18 15:38:20,451 [INFO] Parameter grid: {'svc__C': [0.001, 0.01, 0.1, 1, 10], 'svc__gamma': ['scale', 'auto', 0.001, 0.0001]}
2025-05-18 15:38:20,451 [INFO] Creating data splits...
2025-05-18 15:40:15,560 [INFO] Creating datasets...
2025-05-18 15:40:15,561 [INFO] Loading and preparing training data for SVM...
2025-05-18 15:40:15,561 [INFO] Loading 46159 samples...
2025-05-18 15:49:49,154 [INFO] Training data shape: Features (46159, 49152), Labels (46159,)
2025-05-18 15:49:49,154 [INFO] Loading and preparing test data for SVM...
2025-05-18 15:49:49,154 [INFO] Loading 8146 samples...
2025-05-18 15:51:27,021 [INFO] Test data shape: Features (8146, 49152), Labels (8146,)
2025-05-18 15:51:27,021 [INFO] Data preparation complete. Commencing SVM training...
2025-05-18 18:46:27,187 [INFO] Created logger with run_dir: /scratch/s5142822/plant-disease-classification/src/training/../../logs/svm/svm_1
2025-05-18 18:46:27,189 [INFO] Starting SVM training and evaluation run in /scratch/s5142822/plant-disease-classification/src/training/../../logs/svm/svm_1
2025-05-18 18:46:27,189 [INFO] Parameter grid: {'svc__C': [0.001, 0.01, 0.1, 1, 10], 'svc__gamma': ['scale', 'auto', 0.001, 0.0001]}
2025-05-18 18:46:27,189 [INFO] Creating data splits...
2025-05-18 18:46:57,660 [INFO] Creating datasets...
2025-05-18 18:46:57,660 [INFO] Loading and preparing training data for SVM...
2025-05-18 18:46:57,660 [INFO] Loading 46159 samples...
2025-05-18 18:52:42,409 [INFO] Training data shape: Features (46159, 12288), Labels (46159,)
2025-05-18 18:52:42,409 [INFO] Loading and preparing test data for SVM...
2025-05-18 18:52:42,409 [INFO] Loading 8146 samples...
2025-05-18 18:53:41,743 [INFO] Test data shape: Features (8146, 12288), Labels (8146,)
2025-05-18 18:53:41,744 [INFO] Data preparation complete. Commencing SVM training...
2025-05-19 00:33:15,623 [INFO] Grid search complete.
2025-05-19 00:33:15,661 [INFO] Best parameters: {'svc__C': 10, 'svc__gamma': 'scale'}
2025-05-19 00:33:15,661 [INFO] Best CV score: 0.8634
2025-05-19 00:33:15,661 [INFO] Training SVM model...
2025-05-19 00:35:29,557 [INFO] SVM training complete.
2025-05-19 00:35:29,740 [INFO] SVM model saved to /scratch/s5142822/plant-disease-classification/src/training/../../logs/svm/svm_1/svm_model_10_scale.pkl
2025-05-19 00:35:29,740 [INFO] Evaluating SVM model on the test set...
2025-05-19 00:36:37,445 [INFO] Confusion Matrix:
[[ 71   1   0 ...   0   0   0]
 [  2  83   0 ...   0   1   0]
 [  0   0  25 ...   5   0   1]
 ...
 [  0   0   2 ... 760   0   0]
 [  0   0   0 ...   0  45   0]
 [  2   0   0 ...   0   0 225]]
2025-05-19 00:36:37,447 [INFO] Classification Report:
                                                    precision    recall  f1-score   support

                                Apple___Apple_scab     0.7320    0.7553    0.7435        94
                                 Apple___Black_rot     0.7905    0.8925    0.8384        93
                          Apple___Cedar_apple_rust     0.6757    0.6098    0.6410        41
                                   Apple___healthy     0.8333    0.8704    0.8515       247
                               Blueberry___healthy     0.8880    0.9511    0.9185       225
          Cherry_(including_sour)___Powdery_mildew     0.8780    0.9114    0.8944       158
                 Cherry_(including_sour)___healthy     0.9077    0.9219    0.9147       128
Corn_(maize)___Cercospora_leaf_spot Gray_leaf_spot     0.6269    0.5455    0.5833        77
                       Corn_(maize)___Common_rust_     0.9516    0.9888    0.9699       179
               Corn_(maize)___Northern_Leaf_Blight     0.7905    0.7905    0.7905       148
                            Corn_(maize)___healthy     0.9942    0.9828    0.9884       174
                                 Grape___Black_rot     0.8011    0.7966    0.7989       177
                      Grape___Esca_(Black_Measles)     0.8550    0.8261    0.8403       207
        Grape___Leaf_blight_(Isariopsis_Leaf_Spot)     0.9444    0.9503    0.9474       161
                                   Grape___healthy     0.8852    0.8571    0.8710        63
          Orange___Haunglongbing_(Citrus_greening)     0.9640    0.9722    0.9681       826
                            Peach___Bacterial_spot     0.8743    0.8870    0.8806       345
                                   Peach___healthy     0.9000    0.8333    0.8654        54
                     Pepper,_bell___Bacterial_spot     0.7333    0.6600    0.6947       150
                            Pepper,_bell___healthy     0.8714    0.8243    0.8472       222
                             Potato___Early_blight     0.8581    0.8867    0.8721       150
                              Potato___Late_blight     0.7451    0.7600    0.7525       150
                                  Potato___healthy     0.8000    0.5217    0.6316        23
                               Raspberry___healthy     0.8704    0.8393    0.8545        56
                                 Soybean___healthy     0.9388    0.9634    0.9509       764
                           Squash___Powdery_mildew     0.9504    0.9745    0.9623       275
                          Strawberry___Leaf_scorch     0.8917    0.8434    0.8669       166
                              Strawberry___healthy     0.8356    0.8971    0.8652        68
                           Tomato___Bacterial_spot     0.8825    0.9185    0.9002       319
                             Tomato___Early_blight     0.6864    0.5400    0.6045       150
                              Tomato___Late_blight     0.7300    0.7657    0.7474       286
                                Tomato___Leaf_Mold     0.7761    0.7273    0.7509       143
                       Tomato___Septoria_leaf_spot     0.7751    0.7256    0.7495       266
     Tomato___Spider_mites Two-spotted_spider_mite     0.8195    0.8685    0.8433       251
                              Tomato___Target_Spot     0.7990    0.7536    0.7756       211
            Tomato___Tomato_Yellow_Leaf_Curl_Virus     0.9465    0.9453    0.9459       804
                      Tomato___Tomato_mosaic_virus     0.8824    0.8036    0.8411        56
                                  Tomato___healthy     0.9414    0.9414    0.9414       239

                                          accuracy                         0.8765      8146
                                         macro avg     0.8428    0.8290    0.8343      8146
                                      weighted avg     0.8749    0.8765    0.8751      8146

2025-05-19 00:36:37,602 [INFO] Metrics saved to /scratch/s5142822/plant-disease-classification/src/training/../../logs/svm/svm_1/svm_model_10_scale_classification_metrics.csv
2025-05-19 00:36:37,608 [INFO] Confusion matrix saved to /scratch/s5142822/plant-disease-classification/src/training/../../logs/svm/svm_1/svm_model_10_scale_confusion_matrix.csv
2025-05-19 00:36:37,608 [INFO] SVM run finished.
2025-05-20 00:33:26,841 [INFO] Created logger with run_dir: /scratch/s5142822/plant-disease-classification/src/training/../../logs/svm/svm_1
2025-05-20 00:33:26,871 [INFO] Starting SVM training and evaluation run in /scratch/s5142822/plant-disease-classification/src/training/../../logs/svm/svm_1
2025-05-20 00:33:26,871 [INFO] Parameter grid: {'svc__C': [0.001, 0.01, 0.1, 1, 10], 'svc__gamma': ['scale', 'auto', 0.001, 0.0001]}
2025-05-20 00:33:26,871 [INFO] Creating data splits...
2025-05-20 00:43:20,713 [INFO] Created logger with run_dir: /scratch/s5142822/plant-disease-classification/src/training/../../logs/svm/svm_1
2025-05-20 00:43:20,756 [INFO] Starting SVM training and evaluation run in /scratch/s5142822/plant-disease-classification/src/training/../../logs/svm/svm_1
2025-05-20 00:43:20,756 [INFO] Parameter grid: {'svc__C': [0.001, 0.01, 0.1, 1, 10], 'svc__gamma': ['scale', 'auto', 0.001, 0.0001]}
2025-05-20 00:43:20,756 [INFO] Creating data splits...
2025-05-20 00:51:56,391 [INFO] Creating datasets...
2025-05-20 00:51:56,433 [INFO] Loading and preparing training data for SVM...
2025-05-20 01:09:11,933 [INFO] Training data shape: Features (45461, 3, 64, 64), Labels (45461,)
2025-05-20 01:09:11,935 [INFO] Loading and preparing test data for SVM...
2025-05-20 01:09:37,803 [INFO] Created logger with run_dir: /scratch/s5142822/plant-disease-classification/src/training/../../logs/svm/svm_1
2025-05-20 01:09:37,804 [INFO] Starting SVM training and evaluation run in /scratch/s5142822/plant-disease-classification/src/training/../../logs/svm/svm_1
2025-05-20 01:09:37,804 [INFO] Parameter grid: {'svc__C': [0.001, 0.01, 0.1, 1, 10], 'svc__gamma': ['scale', 'auto', 0.001, 0.0001]}
2025-05-20 01:09:37,805 [INFO] Creating data splits...
2025-05-20 01:10:35,674 [INFO] Created logger with run_dir: /scratch/s5142822/plant-disease-classification/src/training/../../logs/svm/svm_1
2025-05-20 01:10:35,676 [INFO] Starting SVM training and evaluation run in /scratch/s5142822/plant-disease-classification/src/training/../../logs/svm/svm_1
2025-05-20 01:10:35,676 [INFO] Parameter grid: {'svc__C': [0.001, 0.01, 0.1, 1, 10], 'svc__gamma': ['scale', 'auto', 0.001, 0.0001]}
2025-05-20 01:10:35,676 [INFO] Creating data splits...
2025-05-20 01:10:43,672 [INFO] Creating datasets...
2025-05-20 01:10:43,675 [INFO] Loading and preparing training data for SVM...
2025-05-20 01:11:44,128 [INFO] Test data shape: Features (8023, 3, 64, 64), Labels (8023,)
2025-05-20 01:11:44,128 [INFO] Data preparation complete. Commencing SVM training...
2025-05-20 01:23:52,448 [INFO] Created logger with run_dir: /scratch/s5142822/plant-disease-classification/src/training/../../logs/svm/svm_1
2025-05-20 01:23:52,450 [INFO] Starting SVM training and evaluation run in /scratch/s5142822/plant-disease-classification/src/training/../../logs/svm/svm_1
2025-05-20 01:23:52,450 [INFO] Parameter grid: {'svc__C': [0.001, 0.01, 0.1, 1, 10], 'svc__gamma': ['scale', 'auto', 0.001, 0.0001]}
2025-05-20 01:23:52,451 [INFO] Creating data splits...
2025-05-20 01:23:53,640 [INFO] Creating datasets...
2025-05-20 01:23:53,640 [INFO] Loading and preparing training data for SVM using feature extraction HOG_LBP
2025-05-20 01:46:24,480 [INFO] Created logger with run_dir: /scratch/s5142822/plant-disease-classification/src/training/../../logs/svm/svm_1
2025-05-20 01:48:07,943 [INFO] Created logger with run_dir: /scratch/s5142822/plant-disease-classification/src/training/../../logs/svm/svm_1
2025-05-20 01:51:40,069 [INFO] Created logger with run_dir: /scratch/s5142822/plant-disease-classification/src/training/../../logs/svm/svm_1
2025-05-20 01:51:40,072 [INFO] Starting SVM training and evaluation run in /scratch/s5142822/plant-disease-classification/src/training/../../logs/svm/svm_1
2025-05-20 01:51:40,072 [INFO] Parameter grid: {'svc__C': [0.001, 0.01, 0.1, 1, 10], 'svc__gamma': ['scale', 'auto', 0.001, 0.0001]}
2025-05-20 01:51:40,072 [INFO] Creating data splits...
2025-05-20 01:51:41,335 [INFO] Creating datasets...
2025-05-20 01:51:41,335 [INFO] Loading and preparing training data for SVM using feature extraction HOG_LBP
2025-05-20 02:02:08,028 [INFO] Created logger with run_dir: /scratch/s5142822/plant-disease-classification/src/training/../../logs/svm/svm_1
2025-05-20 02:02:08,032 [INFO] Starting SVM training and evaluation run in /scratch/s5142822/plant-disease-classification/src/training/../../logs/svm/svm_1
2025-05-20 02:02:08,032 [INFO] Parameter grid: {'svc__C': [0.001, 0.01, 0.1, 1, 10], 'svc__gamma': ['scale', 'auto', 0.001, 0.0001]}
2025-05-20 02:02:08,032 [INFO] Creating data splits...
2025-05-20 02:02:09,334 [INFO] Creating datasets...
2025-05-20 02:02:09,335 [INFO] Loading and preparing training data for SVM using feature extraction GLCM_Shape_Color
2025-05-20 02:41:34,771 [INFO] Created logger with run_dir: /scratch/s5142822/plant-disease-classification/src/training/../../logs/svm/svm_1
2025-05-20 02:41:34,774 [INFO] Starting SVM training and evaluation run in /scratch/s5142822/plant-disease-classification/src/training/../../logs/svm/svm_1
2025-05-20 02:41:34,774 [INFO] Parameter grid: {'svc__C': [0.001, 0.01, 0.1, 1, 10], 'svc__gamma': ['scale', 'auto', 0.001, 0.0001]}
2025-05-20 02:41:34,774 [INFO] Creating data splits...
2025-05-20 02:41:35,978 [INFO] Creating datasets...
2025-05-20 02:41:35,978 [INFO] Loading and preparing training data for SVM using feature extraction HOG_LBP
2025-05-20 02:42:03,894 [INFO] Created logger with run_dir: /scratch/s5142822/plant-disease-classification/src/training/../../logs/svm/svm_1
2025-05-20 02:42:03,896 [INFO] Starting SVM training and evaluation run in /scratch/s5142822/plant-disease-classification/src/training/../../logs/svm/svm_1
2025-05-20 02:42:03,896 [INFO] Parameter grid: {'svc__C': [0.001, 0.01, 0.1, 1, 10], 'svc__gamma': ['scale', 'auto', 0.001, 0.0001]}
2025-05-20 02:42:03,896 [INFO] Creating data splits...
2025-05-20 02:42:05,104 [INFO] Creating datasets...
2025-05-20 02:42:05,104 [INFO] Loading and preparing training data for SVM using feature extraction HOG_LBP
2025-05-20 02:49:18,512 [INFO] Created logger with run_dir: /scratch/s5142822/plant-disease-classification/src/training/../../logs/svm/svm_1
2025-05-20 02:49:18,515 [INFO] Starting SVM training and evaluation run in /scratch/s5142822/plant-disease-classification/src/training/../../logs/svm/svm_1
2025-05-20 02:49:18,515 [INFO] Parameter grid: {'svc__C': [0.001, 0.01, 0.1, 1, 10], 'svc__gamma': ['scale', 'auto', 0.001, 0.0001]}
2025-05-20 02:49:18,515 [INFO] Creating data splits...
2025-05-20 02:49:19,713 [INFO] Creating datasets...
2025-05-20 02:49:19,714 [INFO] Loading and preparing training data for SVM using feature extraction HOG_LBP
2025-05-20 02:50:06,273 [INFO] Created logger with run_dir: /scratch/s5142822/plant-disease-classification/src/training/../../logs/svm/svm_1
2025-05-20 02:50:06,276 [INFO] Starting SVM training and evaluation run in /scratch/s5142822/plant-disease-classification/src/training/../../logs/svm/svm_1
2025-05-20 02:50:06,276 [INFO] Parameter grid: {'svc__C': [0.001, 0.01, 0.1, 1, 10], 'svc__gamma': ['scale', 'auto', 0.001, 0.0001]}
2025-05-20 02:50:06,276 [INFO] Creating data splits...
2025-05-20 02:50:07,567 [INFO] Creating datasets...
2025-05-20 02:50:07,567 [INFO] Loading and preparing training data for SVM using feature extraction GLCM_Shape_Color
2025-05-20 02:51:37,040 [INFO] Training data shape: Features (45461, 2058), Labels (45461,)
2025-05-20 02:51:37,043 [INFO] Loading and preparing test data for SVM...
2025-05-20 02:51:42,972 [INFO] Created logger with run_dir: /scratch/s5142822/plant-disease-classification/src/training/../../logs/svm/svm_1
2025-05-20 02:51:42,973 [INFO] Starting SVM training and evaluation run in /scratch/s5142822/plant-disease-classification/src/training/../../logs/svm/svm_1
2025-05-20 02:51:42,973 [INFO] Parameter grid: {'svc__C': [0.001, 0.01, 0.1, 1, 10], 'svc__gamma': ['scale', 'auto', 0.001, 0.0001]}
2025-05-20 02:51:42,973 [INFO] Creating data splits...
2025-05-20 02:51:44,318 [INFO] Creating datasets...
2025-05-20 02:51:44,321 [INFO] Loading and preparing training data for SVM using feature extraction GLCM_Shape_Color
2025-05-20 02:51:59,516 [INFO] Test data shape: Features (8023, 2058), Labels (8023,)
2025-05-20 02:51:59,517 [INFO] Data preparation complete. Commencing SVM training...
2025-05-20 02:51:59,517 [INFO] Starting grid search for hyperparameter tuning...
2025-05-20 02:54:56,894 [INFO] Training data shape: Features (45461, 79), Labels (45461,)
2025-05-20 02:54:56,896 [INFO] Loading and preparing test data for SVM...
2025-05-20 02:55:43,561 [INFO] Test data shape: Features (8023, 79), Labels (8023,)
2025-05-20 02:55:43,561 [INFO] Data preparation complete. Commencing SVM training...
2025-05-20 02:55:43,561 [INFO] Starting grid search for hyperparameter tuning...
2025-05-20 02:56:01,637 [INFO] Training data shape: Features (45461, 79), Labels (45461,)
2025-05-20 02:56:01,638 [INFO] Loading and preparing test data for SVM...
2025-05-20 02:56:45,873 [INFO] Test data shape: Features (8023, 79), Labels (8023,)
2025-05-20 02:56:45,873 [INFO] Data preparation complete. Commencing SVM training...
2025-05-20 02:56:45,873 [INFO] Starting grid search for hyperparameter tuning...
2025-05-20 03:52:59,759 [INFO] Grid search complete.
2025-05-20 03:52:59,761 [INFO] Best parameters: {'svc__C': 10, 'svc__gamma': 'scale'}
2025-05-20 03:52:59,761 [INFO] Best CV score: 0.6404
2025-05-20 03:52:59,762 [INFO] Training SVM model...
2025-05-20 03:54:07,557 [INFO] SVM training complete.
2025-05-20 03:54:07,617 [INFO] SVM model saved to /scratch/s5142822/plant-disease-classification/src/training/../../logs/svm/svm_1/svm_model_GLCM_Shape_Color_10_scale.pkl
2025-05-20 03:54:07,617 [INFO] Evaluating SVM model on the test set...
2025-05-20 03:54:39,807 [INFO] Confusion Matrix:
[[ 48   3   2 ...   1   0   0]
 [  3  48   3 ...   1   0   1]
 [  1   0  27 ...   1   0   0]
 ...
 [  3   1  33 ... 447  23   9]
 [  0   0   0 ...   0  49   0]
 [  0   5  17 ...   2   0 146]]
2025-05-20 03:54:39,813 [INFO] Classification Report:
                                                    precision    recall  f1-score   support

                                Apple___Apple_scab     0.3609    0.5106    0.4229        94
                                 Apple___Black_rot     0.3200    0.5161    0.3951        93
                          Apple___Cedar_apple_rust     0.1164    0.6585    0.1978        41
                                   Apple___healthy     0.6359    0.5587    0.5948       247
                               Blueberry___healthy     0.6125    0.6533    0.6323       225
          Cherry_(including_sour)___Powdery_mildew     0.6432    0.8671    0.7385       158
                 Cherry_(including_sour)___healthy     0.4654    0.7891    0.5855       128
Corn_(maize)___Cercospora_leaf_spot Gray_leaf_spot     0.6707    0.7143    0.6918        77
                       Corn_(maize)___Common_rust_     0.9080    0.8827    0.8952       179
               Corn_(maize)___Northern_Leaf_Blight     0.7552    0.7297    0.7423       148
                            Corn_(maize)___healthy     0.7689    0.9943    0.8672       174
                                 Grape___Black_rot     0.3723    0.6481    0.4730        54
                      Grape___Esca_(Black_Measles)     0.8010    0.7933    0.7971       208
        Grape___Leaf_blight_(Isariopsis_Leaf_Spot)     0.7907    0.8447    0.8168       161
                                   Grape___healthy     0.6951    0.9048    0.7862        63
          Orange___Haunglongbing_(Citrus_greening)     0.8665    0.7070    0.7787       826
                            Peach___Bacterial_spot     0.8964    0.8029    0.8471       345
                                   Peach___healthy     0.4731    0.8148    0.5986        54
                     Pepper,_bell___Bacterial_spot     0.4465    0.4733    0.4595       150
                            Pepper,_bell___healthy     0.5885    0.5541    0.5708       222
                             Potato___Early_blight     0.7202    0.8067    0.7610       150
                              Potato___Late_blight     0.3851    0.4467    0.4136       150
                                  Potato___healthy     0.1429    0.5652    0.2281        23
                               Raspberry___healthy     0.5333    0.7143    0.6107        56
                                 Soybean___healthy     0.8592    0.6396    0.7333       763
                           Squash___Powdery_mildew     0.9280    0.8436    0.8838       275
                          Strawberry___Leaf_scorch     0.7391    0.6145    0.6711       166
                              Strawberry___healthy     0.6067    0.7941    0.6879        68
                           Tomato___Bacterial_spot     0.6221    0.5831    0.6019       319
                             Tomato___Early_blight     0.3043    0.4200    0.3529       150
                              Tomato___Late_blight     0.6368    0.4231    0.5084       286
                                Tomato___Leaf_Mold     0.5986    0.5944    0.5965       143
                       Tomato___Septoria_leaf_spot     0.4709    0.3346    0.3912       266
     Tomato___Spider_mites Two-spotted_spider_mite     0.5780    0.6494    0.6116       251
                              Tomato___Target_Spot     0.4487    0.5592    0.4979       211
            Tomato___Tomato_Yellow_Leaf_Curl_Virus     0.9141    0.5560    0.6914       804
                      Tomato___Tomato_mosaic_virus     0.3740    0.8750    0.5241        56
                                  Tomato___healthy     0.5748    0.6109    0.5923       239

                                          accuracy                         0.6501      8023
                                         macro avg     0.5954    0.6697    0.6118      8023
                                      weighted avg     0.7022    0.6501    0.6627      8023

2025-05-20 03:54:39,848 [INFO] Metrics saved to /scratch/s5142822/plant-disease-classification/src/training/../../logs/svm/svm_1/svm_model_GLCM_Shape_Color_10_scale_classification_metrics.csv
2025-05-20 03:54:39,851 [INFO] Confusion matrix saved to /scratch/s5142822/plant-disease-classification/src/training/../../logs/svm/svm_1/svm_model_GLCM_Shape_Color_10_scale_confusion_matrix.csv
2025-05-20 03:54:39,852 [INFO] SVM run finished.
2025-05-20 03:57:31,915 [INFO] Created logger with run_dir: /scratch/s5142822/plant-disease-classification/src/training/../../logs/svm/svm_1
2025-05-20 03:57:31,917 [INFO] Starting SVM training and evaluation run in /scratch/s5142822/plant-disease-classification/src/training/../../logs/svm/svm_1
2025-05-20 03:57:31,917 [INFO] Parameter grid: {'svc__C': [10], 'svc__gamma': ['scale']}
2025-05-20 03:57:31,917 [INFO] Creating data splits...
2025-05-20 03:57:35,497 [INFO] Creating datasets...
2025-05-20 03:57:35,500 [INFO] Loading and preparing training data for SVM using feature extraction: HOG_LBP
2025-05-20 04:00:55,695 [INFO] Created logger with run_dir: /scratch/s5142822/plant-disease-classification/src/training/../../logs/svm/svm_1
2025-05-20 04:00:55,698 [INFO] Starting SVM training and evaluation run in /scratch/s5142822/plant-disease-classification/src/training/../../logs/svm/svm_1
2025-05-20 04:00:55,698 [INFO] Parameter grid: {'svc__C': [10], 'svc__gamma': ['scale']}
2025-05-20 04:00:55,698 [INFO] Creating data splits...
2025-05-20 04:00:56,919 [INFO] Creating datasets...
2025-05-20 04:00:56,919 [INFO] Loading and preparing training data for SVM using feature extraction: HOG_LBP
2025-05-20 04:02:11,970 [INFO] Created logger with run_dir: /scratch/s5142822/plant-disease-classification/src/training/../../logs/svm/svm_1
2025-05-20 04:02:11,973 [INFO] Starting SVM training and evaluation run in /scratch/s5142822/plant-disease-classification/src/training/../../logs/svm/svm_1
2025-05-20 04:02:11,973 [INFO] Parameter grid: {'svc__C': [10], 'svc__gamma': ['scale']}
2025-05-20 04:02:11,973 [INFO] Creating data splits...
2025-05-20 04:02:13,283 [INFO] Creating datasets...
2025-05-20 04:02:13,285 [INFO] Loading and preparing training data for SVM using feature extraction: HOG_LBP
2025-05-20 04:03:28,102 [INFO] Training data shape: Features (45461, 2058), Labels (45461,)
2025-05-20 04:03:28,104 [INFO] Loading and preparing test data for SVM...
2025-05-20 04:03:53,242 [INFO] Test data shape: Features (8023, 2058), Labels (8023,)
2025-05-20 04:03:53,244 [INFO] Data preparation complete. Commencing SVM training...
2025-05-20 04:03:53,244 [INFO] Starting grid search for hyperparameter tuning...
2025-05-20 04:04:37,537 [INFO] Training data shape: Features (45461, 2058), Labels (45461,)
2025-05-20 04:04:37,537 [INFO] Loading and preparing test data for SVM...
2025-05-20 04:05:02,450 [INFO] Test data shape: Features (8023, 2058), Labels (8023,)
2025-05-20 04:05:02,450 [INFO] Data preparation complete. Commencing SVM training...
2025-05-20 04:05:02,450 [INFO] Starting grid search for hyperparameter tuning...
2025-05-20 04:11:02,779 [INFO] Created logger with run_dir: /scratch/s5142822/plant-disease-classification/src/training/../../logs/svm/svm_1
2025-05-20 04:11:02,781 [INFO] Starting SVM training and evaluation run in /scratch/s5142822/plant-disease-classification/src/training/../../logs/svm/svm_1
2025-05-20 04:11:02,782 [INFO] Parameter grid: {'svc__C': [0.001, 0.01, 0.1, 1, 10, 100], 'svc__gamma': ['scale', 'auto', 0.001, 0.0001]}
2025-05-20 04:11:02,782 [INFO] Creating data splits...
2025-05-20 04:11:03,989 [INFO] Creating datasets...
2025-05-20 04:11:03,990 [INFO] Loading and preparing training data for SVM using feature extraction: HOG_LBP
2025-05-20 04:13:37,068 [INFO] Training data shape: Features (45461, 2058), Labels (45461,)
2025-05-20 04:13:37,071 [INFO] Loading and preparing test data for SVM...
2025-05-20 04:14:02,746 [INFO] Test data shape: Features (8023, 2058), Labels (8023,)
2025-05-20 04:14:02,746 [INFO] Data preparation complete. Commencing SVM training...
2025-05-20 04:14:02,747 [INFO] Starting grid search for hyperparameter tuning...
2025-05-20 15:07:57,200 [INFO] Created logger with run_dir: /scratch/s5142822/plant-disease-classification/src/training/../../logs/svm/svm_1
2025-05-20 15:07:57,261 [INFO] Starting SVM training and evaluation run in /scratch/s5142822/plant-disease-classification/src/training/../../logs/svm/svm_1
2025-05-20 15:07:57,261 [INFO] Parameter grid: {'svc__C': [0.001, 0.01, 0.1, 1, 10, 100], 'svc__gamma': ['scale', 'auto', 0.001, 0.0001]}
2025-05-20 15:07:57,261 [INFO] Creating data splits...
2025-05-20 15:09:35,901 [INFO] Creating datasets...
2025-05-20 15:09:35,903 [INFO] Loading and preparing training data for SVM using feature extraction: HOG_LBP
2025-05-20 15:23:55,930 [INFO] Training data shape: Features (45461, 2058), Labels (45461,)
2025-05-20 15:23:55,931 [INFO] Loading and preparing test data for SVM...
2025-05-20 15:26:10,488 [INFO] Test data shape: Features (8023, 2058), Labels (8023,)
2025-05-20 15:26:10,488 [INFO] Data preparation complete. Commencing SVM training...
2025-05-20 15:26:10,488 [INFO] Starting grid search for hyperparameter tuning...
2025-05-20 15:49:32,985 [INFO] Created logger with run_dir: /scratch/s5142822/plant-disease-classification/src/training/../../logs/svm/svm_1
2025-05-20 15:49:32,986 [INFO] Starting SVM training and evaluation run in /scratch/s5142822/plant-disease-classification/src/training/../../logs/svm/svm_1
2025-05-20 15:49:32,986 [INFO] Parameter grid: {'svc__C': [0.001, 0.01, 0.1, 1, 10, 100], 'svc__gamma': ['scale', 'auto', 0.001, 0.0001]}
2025-05-20 15:49:32,986 [INFO] Creating data splits...
2025-05-20 15:49:57,878 [INFO] Creating datasets...
2025-05-20 15:49:57,882 [INFO] Loading and preparing training data for SVM using feature extraction: HOG_LBP
2025-05-20 15:52:48,993 [INFO] Training data shape: Features (45461, 2058), Labels (45461,)
2025-05-20 15:52:48,994 [INFO] Loading and preparing test data for SVM...
2025-05-20 15:53:17,818 [INFO] Test data shape: Features (8023, 2058), Labels (8023,)
2025-05-20 15:53:17,819 [INFO] Data preparation complete. Commencing SVM training...
2025-05-20 15:53:17,819 [INFO] Starting grid search for hyperparameter tuning...
2025-05-20 18:38:51,508 [INFO] Created logger with run_dir: /scratch/s5142822/plant-disease-classification/src/training/../../logs/svm/svm_1
2025-05-20 18:38:51,531 [INFO] Starting SVM training and evaluation run in /scratch/s5142822/plant-disease-classification/src/training/../../logs/svm/svm_1
2025-05-20 18:38:51,531 [INFO] Parameter grid: {'svc__C': [0.001, 0.01, 0.1, 1, 10, 100], 'svc__gamma': ['scale', 'auto', 0.001, 0.0001]}
2025-05-20 18:38:51,531 [INFO] Creating data splits...
2025-05-20 18:41:18,545 [INFO] Created logger with run_dir: /scratch/s5142822/plant-disease-classification/src/training/../../logs/svm/svm_1
2025-05-20 18:41:18,545 [INFO] Starting SVM training and evaluation run in /scratch/s5142822/plant-disease-classification/src/training/../../logs/svm/svm_1
2025-05-20 18:41:18,545 [INFO] Parameter grid: {'svc__C': [0.001, 0.01, 0.1, 1, 10, 100], 'svc__gamma': ['scale', 'auto', 0.001, 0.0001]}
2025-05-20 18:41:18,545 [INFO] Creating data splits...
2025-05-20 18:46:54,746 [INFO] Creating datasets...
2025-05-20 18:46:54,747 [INFO] Loading and preparing training data for SVM using feature extraction: HOG_LBP
2025-05-20 19:13:15,788 [INFO] Training data shape: Features (45461, 2058), Labels (45461,)
2025-05-20 19:13:15,788 [INFO] Loading and preparing test data for SVM...
2025-05-20 19:17:00,374 [INFO] Test data shape: Features (8023, 2058), Labels (8023,)
2025-05-20 19:17:00,375 [INFO] Data preparation complete. Commencing SVM training...
2025-05-20 19:17:00,375 [INFO] Starting grid search for hyperparameter tuning...
2025-05-20 22:48:27,251 [INFO] Created logger with run_dir: /scratch/s5142822/plant-disease-classification/src/training/../../logs/svm/svm_1
2025-05-20 22:48:27,281 [INFO] Starting SVM training and evaluation run in /scratch/s5142822/plant-disease-classification/src/training/../../logs/svm/svm_1
2025-05-20 22:48:27,282 [INFO] Parameter grid: {'svc__C': [0.001, 0.01, 0.1, 1, 10, 100], 'svc__gamma': ['scale', 'auto', 0.001, 0.0001]}
2025-05-20 22:48:27,282 [INFO] Creating data splits...
2025-05-20 22:54:46,658 [INFO] Creating datasets...
2025-05-20 22:54:46,658 [INFO] Loading and preparing training data for SVM using feature extraction: HOG_LBP
2025-05-20 23:21:28,251 [INFO] Training data shape: Features (45461, 2058), Labels (45461,)
2025-05-20 23:21:28,252 [INFO] Loading and preparing test data for SVM...
2025-05-20 23:27:07,461 [INFO] Test data shape: Features (8023, 2058), Labels (8023,)
2025-05-20 23:27:07,463 [INFO] Data preparation complete. Commencing SVM training...
2025-05-20 23:27:07,463 [INFO] Starting grid search for hyperparameter tuning...
2025-05-20 23:54:24,618 [INFO] Created logger with run_dir: /scratch/s5142822/plant-disease-classification/src/training/../../logs/svm/svm_1
2025-05-20 23:54:24,657 [INFO] Starting SVM training and evaluation run in /scratch/s5142822/plant-disease-classification/src/training/../../logs/svm/svm_1
2025-05-20 23:54:24,657 [INFO] Parameter grid: {'svc__C': [0.001, 0.01, 0.1, 1, 10, 100], 'svc__gamma': ['scale', 'auto', 0.001, 0.0001]}
2025-05-20 23:54:24,657 [INFO] Creating data splits...
2025-05-20 23:54:50,248 [INFO] Creating datasets...
2025-05-20 23:54:50,248 [INFO] Loading and preparing training data for SVM using feature extraction: Gabor_HSV
2025-05-20 23:59:11,699 [INFO] Created logger with run_dir: /scratch/s5142822/plant-disease-classification/src/training/../../logs/svm/svm_1
2025-05-20 23:59:11,702 [INFO] Starting SVM training and evaluation run in /scratch/s5142822/plant-disease-classification/src/training/../../logs/svm/svm_1
2025-05-20 23:59:11,702 [INFO] Parameter grid: {'svc__C': [0.001, 0.01, 0.1, 1, 10, 100], 'svc__gamma': ['scale', 'auto', 0.001, 0.0001]}
2025-05-20 23:59:11,703 [INFO] Creating data splits...
2025-05-20 23:59:13,051 [INFO] Creating datasets...
2025-05-20 23:59:13,051 [INFO] Loading and preparing training data for SVM using feature extraction: Gabor_HSV
2025-05-20 23:59:49,918 [INFO] Created logger with run_dir: /scratch/s5142822/plant-disease-classification/src/training/../../logs/svm/svm_1
2025-05-20 23:59:49,922 [INFO] Starting SVM training and evaluation run in /scratch/s5142822/plant-disease-classification/src/training/../../logs/svm/svm_1
2025-05-20 23:59:49,922 [INFO] Parameter grid: {'svc__C': [0.001, 0.01, 0.1, 1, 10, 100], 'svc__gamma': ['scale', 'auto', 0.001, 0.0001]}
2025-05-20 23:59:49,922 [INFO] Creating data splits...
2025-05-20 23:59:51,274 [INFO] Creating datasets...
2025-05-20 23:59:51,278 [INFO] Loading and preparing training data for SVM using feature extraction: Gabor_HSV
2025-05-21 00:38:35,206 [INFO] Training data shape: Features (45461, 80), Labels (45461,)
2025-05-21 00:38:35,210 [INFO] Loading and preparing test data for SVM...
2025-05-21 00:45:26,043 [INFO] Test data shape: Features (8023, 80), Labels (8023,)
2025-05-21 00:45:26,045 [INFO] Data preparation complete. Commencing SVM training...
2025-05-21 00:45:26,046 [INFO] Starting grid search for hyperparameter tuning...
2025-05-21 01:29:27,386 [INFO] Created logger with run_dir: /scratch/s5142822/plant-disease-classification/src/training/../../logs/svm/svm_1
2025-05-21 01:29:27,390 [INFO] Starting SVM training and evaluation run in /scratch/s5142822/plant-disease-classification/src/training/../../logs/svm/svm_1
2025-05-21 01:29:27,390 [INFO] Parameter grid: {'svc__C': [0.001, 0.01, 0.1, 1, 10], 'svc__gamma': ['scale', 'auto', 0.001, 0.0001]}
2025-05-21 01:29:27,390 [INFO] Creating data splits...
2025-05-21 01:29:57,996 [INFO] Creating datasets...
2025-05-21 01:29:57,996 [INFO] Loading and preparing training data for SVM using feature extraction: GLCM_Shape_HSV
2025-05-21 01:31:29,411 [INFO] Created logger with run_dir: /scratch/s5142822/plant-disease-classification/src/training/../../logs/svm/svm_1
2025-05-21 01:31:29,415 [INFO] Starting SVM training and evaluation run in /scratch/s5142822/plant-disease-classification/src/training/../../logs/svm/svm_1
2025-05-21 01:31:29,415 [INFO] Parameter grid: {'svc__C': [0.001, 0.01, 0.1, 1, 10], 'svc__gamma': ['scale', 'auto', 0.001, 0.0001]}
2025-05-21 01:31:29,415 [INFO] Creating data splits...
2025-05-21 01:31:57,633 [INFO] Grid search complete.
2025-05-21 01:31:57,635 [INFO] Best parameters: {'svc__C': 100, 'svc__gamma': 'scale'}
2025-05-21 01:31:57,635 [INFO] Best CV score: 0.9183
2025-05-21 01:31:57,636 [INFO] Training SVM model...
2025-05-21 01:32:02,317 [INFO] Creating datasets...
2025-05-21 01:32:02,320 [INFO] Loading and preparing training data for SVM using feature extraction: HOG_LBP
2025-05-21 01:32:18,323 [INFO] SVM training complete.
2025-05-21 01:32:18,361 [INFO] SVM model saved to /scratch/s5142822/plant-disease-classification/src/training/../../logs/svm/svm_1/svm_model_Gabor_HSV_100_scale.pkl
2025-05-21 01:32:18,361 [INFO] Evaluating SVM model on the test set...
2025-05-21 01:32:34,012 [INFO] Confusion Matrix:
[[ 74   0   2 ...   0   0   0]
 [  0  84   0 ...   0   0   0]
 [  2   0  28 ...   0   0   1]
 ...
 [  0   0   1 ... 781   0   0]
 [  0   0   0 ...   0  49   0]
 [  0   0   0 ...   0   0 233]]
2025-05-21 01:32:34,013 [INFO] Classification Report:
                                                    precision    recall  f1-score   support

                                Apple___Apple_scab     0.6981    0.7872    0.7400        94
                                 Apple___Black_rot     0.8660    0.9032    0.8842        93
                          Apple___Cedar_apple_rust     0.7568    0.6829    0.7179        41
                                   Apple___healthy     0.9024    0.8988    0.9006       247
                               Blueberry___healthy     0.9167    0.9289    0.9227       225
          Cherry_(including_sour)___Powdery_mildew     0.8988    0.9557    0.9264       158
                 Cherry_(including_sour)___healthy     0.9242    0.9531    0.9385       128
Corn_(maize)___Cercospora_leaf_spot Gray_leaf_spot     0.8451    0.7792    0.8108        77
                       Corn_(maize)___Common_rust_     0.9774    0.9665    0.9719       179
               Corn_(maize)___Northern_Leaf_Blight     0.8912    0.8851    0.8881       148
                            Corn_(maize)___healthy     0.9202    0.9943    0.9558       174
                                 Grape___Black_rot     0.7778    0.7778    0.7778        54
                      Grape___Esca_(Black_Measles)     0.9340    0.9519    0.9429       208
        Grape___Leaf_blight_(Isariopsis_Leaf_Spot)     0.9752    0.9752    0.9752       161
                                   Grape___healthy     0.8769    0.9048    0.8906        63
          Orange___Haunglongbing_(Citrus_greening)     0.9736    0.9806    0.9771       826
                            Peach___Bacterial_spot     0.9104    0.9130    0.9117       345
                                   Peach___healthy     0.9286    0.9630    0.9455        54
                     Pepper,_bell___Bacterial_spot     0.9333    0.8400    0.8842       150
                            Pepper,_bell___healthy     0.9140    0.9099    0.9120       222
                             Potato___Early_blight     0.9603    0.9667    0.9635       150
                              Potato___Late_blight     0.8456    0.8400    0.8428       150
                                  Potato___healthy     0.9524    0.8696    0.9091        23
                               Raspberry___healthy     0.9273    0.9107    0.9189        56
                                 Soybean___healthy     0.9737    0.9712    0.9724       763
                           Squash___Powdery_mildew     0.9674    0.9709    0.9691       275
                          Strawberry___Leaf_scorch     0.9752    0.9458    0.9602       166
                              Strawberry___healthy     0.9286    0.9559    0.9420        68
                           Tomato___Bacterial_spot     0.9169    0.9342    0.9255       319
                             Tomato___Early_blight     0.7222    0.6933    0.7075       150
                              Tomato___Late_blight     0.8272    0.7867    0.8065       286
                                Tomato___Leaf_Mold     0.9197    0.8811    0.9000       143
                       Tomato___Septoria_leaf_spot     0.8434    0.8910    0.8665       266
     Tomato___Spider_mites Two-spotted_spider_mite     0.8943    0.9442    0.9186       251
                              Tomato___Target_Spot     0.9271    0.8436    0.8834       211
            Tomato___Tomato_Yellow_Leaf_Curl_Virus     0.9861    0.9714    0.9787       804
                      Tomato___Tomato_mosaic_virus     0.8909    0.8750    0.8829        56
                                  Tomato___healthy     0.9831    0.9749    0.9790       239

                                          accuracy                         0.9256      8023
                                         macro avg     0.9016    0.8994    0.9000      8023
                                      weighted avg     0.9259    0.9256    0.9254      8023

2025-05-21 01:32:34,081 [INFO] Metrics saved to /scratch/s5142822/plant-disease-classification/src/training/../../logs/svm/svm_1/svm_model_Gabor_HSV_100_scale_classification_metrics.csv
2025-05-21 01:32:34,105 [INFO] Confusion matrix saved to /scratch/s5142822/plant-disease-classification/src/training/../../logs/svm/svm_1/svm_model_Gabor_HSV_100_scale_confusion_matrix.csv
2025-05-21 01:32:34,105 [INFO] SVM run finished.
2025-05-21 01:35:01,089 [INFO] Created logger with run_dir: /scratch/s5142822/plant-disease-classification/src/training/../../logs/svm/svm_1
2025-05-21 01:35:01,093 [INFO] Starting SVM training and evaluation run in /scratch/s5142822/plant-disease-classification/src/training/../../logs/svm/svm_1
2025-05-21 01:35:01,093 [INFO] Parameter grid: {'svc__C': [0.001, 0.01, 0.1, 1, 10], 'svc__gamma': ['scale', 'auto', 0.001, 0.0001]}
2025-05-21 01:35:01,093 [INFO] Creating data splits...
2025-05-21 01:35:21,258 [INFO] Creating datasets...
2025-05-21 01:35:21,260 [INFO] Loading and preparing training data for SVM using feature extraction: HOG_LBP
2025-05-21 01:37:01,809 [INFO] Training data shape: Features (45461, 2058), Labels (45461,)
2025-05-21 01:37:01,811 [INFO] Loading and preparing test data for SVM...
2025-05-21 01:37:46,875 [INFO] Test data shape: Features (8023, 2058), Labels (8023,)
2025-05-21 01:37:46,878 [INFO] Data preparation complete. Commencing SVM training...
2025-05-21 01:37:46,878 [INFO] Starting grid search for hyperparameter tuning...
2025-05-21 01:37:53,157 [INFO] Training data shape: Features (45461, 2058), Labels (45461,)
2025-05-21 01:37:53,159 [INFO] Loading and preparing test data for SVM...
2025-05-21 01:38:02,980 [INFO] Created logger with run_dir: /scratch/s5142822/plant-disease-classification/src/training/../../logs/svm/svm_1
2025-05-21 01:38:02,984 [INFO] Starting SVM training and evaluation run in /scratch/s5142822/plant-disease-classification/src/training/../../logs/svm/svm_1
2025-05-21 01:38:02,984 [INFO] Parameter grid: {'svc__C': [0.001, 0.01, 0.1, 1, 10], 'svc__gamma': ['scale', 'auto', 0.001, 0.0001]}
2025-05-21 01:38:02,984 [INFO] Creating data splits...
2025-05-21 01:38:04,538 [INFO] Creating datasets...
2025-05-21 01:38:04,540 [INFO] Loading and preparing training data for SVM using feature extraction: GLCM_Shape_HSV
2025-05-21 01:38:23,067 [INFO] Test data shape: Features (8023, 2058), Labels (8023,)
2025-05-21 01:38:23,067 [INFO] Data preparation complete. Commencing SVM training...
2025-05-21 01:38:23,067 [INFO] Starting grid search for hyperparameter tuning...
2025-05-21 01:42:58,963 [INFO] Training data shape: Features (45461, 75), Labels (45461,)
2025-05-21 01:42:58,966 [INFO] Loading and preparing test data for SVM...
2025-05-21 01:43:43,252 [INFO] Test data shape: Features (8023, 75), Labels (8023,)
2025-05-21 01:43:43,255 [INFO] Data preparation complete. Commencing SVM training...
2025-05-21 01:43:43,255 [INFO] Starting grid search for hyperparameter tuning...
2025-05-21 01:45:16,105 [INFO] Created logger with run_dir: /scratch/s5142822/plant-disease-classification/src/training/../../logs/svm/svm_1
2025-05-21 01:45:16,108 [INFO] Starting SVM training and evaluation run in /scratch/s5142822/plant-disease-classification/src/training/../../logs/svm/svm_1
2025-05-21 01:45:16,108 [INFO] Parameter grid: {'svc__C': [0.001, 0.01, 0.1, 1, 10], 'svc__gamma': ['scale', 'auto', 0.001, 0.0001]}
2025-05-21 01:45:16,108 [INFO] Creating data splits...
2025-05-21 01:45:17,654 [INFO] Creating datasets...
2025-05-21 01:45:17,654 [INFO] Loading and preparing training data for SVM using feature extraction: GLCM_Shape_HSV
2025-05-21 01:45:37,405 [INFO] Created logger with run_dir: /scratch/s5142822/plant-disease-classification/src/training/../../logs/svm/svm_1
2025-05-21 01:45:37,405 [INFO] Starting SVM training and evaluation run in /scratch/s5142822/plant-disease-classification/src/training/../../logs/svm/svm_1
2025-05-21 01:45:37,405 [INFO] Parameter grid: {'svc__C': [0.001, 0.01, 0.1, 1, 10], 'svc__gamma': ['scale', 'auto', 0.001, 0.0001]}
2025-05-21 01:45:37,405 [INFO] Creating data splits...
2025-05-21 01:45:38,936 [INFO] Creating datasets...
2025-05-21 01:45:38,938 [INFO] Loading and preparing training data for SVM using feature extraction: HOG_LBP
2025-05-21 01:47:47,405 [INFO] Created logger with run_dir: /scratch/s5142822/plant-disease-classification/src/training/../../logs/svm/svm_1
2025-05-21 01:47:47,408 [INFO] Starting SVM training and evaluation run in /scratch/s5142822/plant-disease-classification/src/training/../../logs/svm/svm_1
2025-05-21 01:47:47,408 [INFO] Parameter grid: {'svc__C': [0.001, 0.01, 0.1, 1, 10], 'svc__gamma': ['scale', 'auto', 0.001, 0.0001]}
2025-05-21 01:47:47,408 [INFO] Creating data splits...
2025-05-21 01:47:48,967 [INFO] Creating datasets...
2025-05-21 01:47:48,968 [INFO] Loading and preparing training data for SVM using feature extraction: GLCM_Shape_HSV
