2025-06-08 19:52:01,555 [INFO] Created logger with run_dir: /home3/s5238366/plant-disease-classification/src/training/../../logs/resnet18/resnet18_1
2025-06-08 19:52:01,555 [INFO] Starting training run.
2025-06-08 19:52:01,568 [INFO] Copied main script to /home3/s5238366/plant-disease-classification/src/training/../../logs/resnet18/resnet18_1/train_resnet18.py
2025-06-08 19:56:38,771 [INFO] Epoch 1: Train 0.6662 | Val 0.2562
2025-06-08 20:00:34,730 [INFO] Epoch 2: Train 0.3869 | Val 0.2243
2025-06-08 20:04:22,060 [INFO] Epoch 3: Train 0.3425 | Val 0.1727
2025-06-08 20:05:54,436 [INFO] Epoch 4: Train 0.3238 | Val 0.1564
2025-06-08 20:05:54,437 [INFO] Unfroze layer4 at epoch 5
2025-06-08 20:06:37,649 [INFO] Epoch 5: Train 0.2104 | Val 0.0665
2025-06-08 20:07:22,805 [INFO] Epoch 6: Train 0.1301 | Val 0.0525
2025-06-08 20:08:06,410 [INFO] Epoch 7: Train 0.1055 | Val 0.0432
2025-06-08 20:08:48,768 [INFO] Epoch 8: Train 0.0813 | Val 0.0323
2025-06-08 20:09:32,012 [INFO] Epoch 9: Train 0.0695 | Val 0.0305
2025-06-08 20:09:32,012 [INFO] Unfroze layer3 at epoch 10
2025-06-08 20:10:18,138 [INFO] Epoch 10: Train 0.0661 | Val 0.0321
2025-06-08 20:11:03,694 [INFO] Epoch 11: Train 0.0645 | Val 0.0297
2025-06-08 20:11:47,011 [INFO] Epoch 12: Train 0.0569 | Val 0.0292
2025-06-08 20:12:31,693 [INFO] Epoch 13: Train 0.0556 | Val 0.0256
2025-06-08 20:13:17,438 [INFO] Epoch 14: Train 0.0520 | Val 0.0253
2025-06-08 20:14:01,172 [INFO] Epoch 15: Train 0.0504 | Val 0.0243
2025-06-08 20:14:45,375 [INFO] Epoch 16: Train 0.0482 | Val 0.0229
2025-06-08 20:15:29,133 [INFO] Epoch 17: Train 0.0487 | Val 0.0242
2025-06-08 20:16:13,613 [INFO] Epoch 18: Train 0.0487 | Val 0.0247
2025-06-08 20:16:58,192 [INFO] Epoch 19: Train 0.0493 | Val 0.0244
2025-06-08 20:17:42,530 [INFO] Epoch 20: Train 0.0469 | Val 0.0260
2025-06-08 20:18:27,408 [INFO] Epoch 21: Train 0.0491 | Val 0.0247
2025-06-08 20:19:10,728 [INFO] Epoch 22: Train 0.0448 | Val 0.0241
2025-06-08 20:19:53,927 [INFO] Epoch 23: Train 0.0474 | Val 0.0236
2025-06-08 20:20:38,456 [INFO] Epoch 24: Train 0.0476 | Val 0.0249
2025-06-08 20:21:21,660 [INFO] Epoch 25: Train 0.0485 | Val 0.0229
2025-06-08 20:22:05,894 [INFO] Epoch 26: Train 0.0462 | Val 0.0240
2025-06-08 20:22:05,895 [INFO] Early stopping at epoch 26
2025-06-08 20:22:15,122 [INFO] Test Confusion Matrix:
[[ 94   0   0 ...   0   0   0]
 [  0  93   0 ...   0   0   0]
 [  0   0  41 ...   0   0   0]
 ...
 [  0   0   0 ... 792   0   0]
 [  0   0   0 ...   0  55   0]
 [  0   0   0 ...   0   0 239]]
2025-06-08 20:22:15,123 [INFO] Test Classification Report:
                                                    precision    recall  f1-score   support

                                Apple___Apple_scab     0.9895    1.0000    0.9947        94
                                 Apple___Black_rot     1.0000    1.0000    1.0000        93
                          Apple___Cedar_apple_rust     1.0000    1.0000    1.0000        41
                                   Apple___healthy     1.0000    0.9960    0.9980       247
                               Blueberry___healthy     1.0000    1.0000    1.0000       225
          Cherry_(including_sour)___Powdery_mildew     1.0000    0.9873    0.9936       158
                 Cherry_(including_sour)___healthy     1.0000    0.9922    0.9961       128
Corn_(maize)___Cercospora_leaf_spot Gray_leaf_spot     0.9103    0.9221    0.9161        77
                       Corn_(maize)___Common_rust_     1.0000    0.9944    0.9972       179
               Corn_(maize)___Northern_Leaf_Blight     0.9463    0.9527    0.9495       148
                            Corn_(maize)___healthy     1.0000    1.0000    1.0000       174
                                 Grape___Black_rot     0.9944    1.0000    0.9972       177
                      Grape___Esca_(Black_Measles)     1.0000    0.9952    0.9976       207
        Grape___Leaf_blight_(Isariopsis_Leaf_Spot)     1.0000    0.9938    0.9969       161
                                   Grape___healthy     0.9844    1.0000    0.9921        63
          Orange___Haunglongbing_(Citrus_greening)     1.0000    0.9988    0.9994       826
                            Peach___Bacterial_spot     0.9914    1.0000    0.9957       345
                                   Peach___healthy     1.0000    1.0000    1.0000        54
                     Pepper,_bell___Bacterial_spot     0.9868    1.0000    0.9934       150
                            Pepper,_bell___healthy     0.9911    1.0000    0.9955       222
                             Potato___Early_blight     1.0000    1.0000    1.0000       150
                              Potato___Late_blight     1.0000    0.9933    0.9967       150
                                  Potato___healthy     1.0000    0.9130    0.9545        23
                               Raspberry___healthy     1.0000    1.0000    1.0000        56
                                 Soybean___healthy     0.9974    0.9974    0.9974       764
                           Squash___Powdery_mildew     1.0000    0.9964    0.9982       275
                          Strawberry___Leaf_scorch     1.0000    1.0000    1.0000       166
                              Strawberry___healthy     1.0000    1.0000    1.0000        68
                           Tomato___Bacterial_spot     0.9578    0.9969    0.9770       319
                             Tomato___Early_blight     0.9712    0.9000    0.9343       150
                              Tomato___Late_blight     0.9859    0.9790    0.9825       286
                                Tomato___Leaf_Mold     0.9928    0.9650    0.9787       143
                       Tomato___Septoria_leaf_spot     0.9673    1.0000    0.9834       266
     Tomato___Spider_mites Two-spotted_spider_mite     0.9915    0.9243    0.9567       251
                              Tomato___Target_Spot     0.9200    0.9810    0.9495       211
            Tomato___Tomato_Yellow_Leaf_Curl_Virus     1.0000    0.9851    0.9925       804
                      Tomato___Tomato_mosaic_virus     1.0000    0.9821    0.9910        56
                                  Tomato___healthy     0.9560    1.0000    0.9775       239

                                          accuracy                         0.9890      8146
                                         macro avg     0.9877    0.9854    0.9864      8146
                                      weighted avg     0.9892    0.9890    0.9889      8146

