2025-05-14 01:02:04,094 [INFO] Starting run ResNet50_gradual_0.
2025-05-14 01:05:10,507 [INFO] Epoch 01 | Train: 1.1282 | Val: 0.6826
2025-05-14 01:08:12,327 [INFO] Epoch 02 | Train: 0.5251 | Val: 0.5112
2025-05-14 01:11:09,156 [INFO] Epoch 03 | Train: 0.4203 | Val: 0.4001
2025-05-14 01:14:13,069 [INFO] Epoch 04 | Train: 0.3640 | Val: 0.3618
2025-05-14 01:14:13,071 [INFO] Unfroze layer4 at epoch 5 with lr=0.0001.
2025-05-14 01:17:19,892 [INFO] Epoch 05 | Train: 0.2064 | Val: 0.1218
2025-05-14 01:20:23,964 [INFO] Epoch 06 | Train: 0.1313 | Val: 0.0923
2025-05-14 01:23:28,611 [INFO] Epoch 07 | Train: 0.1024 | Val: 0.0628
2025-05-14 01:26:24,598 [INFO] Epoch 08 | Train: 0.0829 | Val: 0.0531
2025-05-14 01:29:29,132 [INFO] Epoch 09 | Train: 0.0739 | Val: 0.0548
2025-05-14 01:29:29,134 [INFO] Unfroze layer3 at epoch 10 with lr=1e-05.
2025-05-14 01:32:40,479 [INFO] Epoch 10 | Train: 0.0687 | Val: 0.0503
2025-05-14 01:35:55,561 [INFO] Epoch 11 | Train: 0.0625 | Val: 0.0433
2025-05-14 01:39:06,266 [INFO] Epoch 12 | Train: 0.0587 | Val: 0.0423
2025-05-14 01:42:18,512 [INFO] Epoch 13 | Train: 0.0540 | Val: 0.0412
2025-05-14 01:45:36,038 [INFO] Epoch 14 | Train: 0.0516 | Val: 0.0401
2025-05-14 01:48:46,745 [INFO] Epoch 15 | Train: 0.0484 | Val: 0.0416
2025-05-14 01:52:02,269 [INFO] Epoch 16 | Train: 0.0476 | Val: 0.0403
2025-05-14 01:55:21,999 [INFO] Epoch 17 | Train: 0.0471 | Val: 0.0395
2025-05-14 01:58:35,490 [INFO] Epoch 18 | Train: 0.0464 | Val: 0.0414
2025-05-14 02:01:49,555 [INFO] Epoch 19 | Train: 0.0483 | Val: 0.0367
2025-05-14 02:05:11,345 [INFO] Epoch 20 | Train: 0.0468 | Val: 0.0386
2025-05-14 02:08:24,055 [INFO] Epoch 21 | Train: 0.0454 | Val: 0.0392
2025-05-14 02:11:38,453 [INFO] Epoch 22 | Train: 0.0468 | Val: 0.0416
2025-05-14 02:14:50,815 [INFO] Epoch 23 | Train: 0.0442 | Val: 0.0396
2025-05-14 02:18:03,979 [INFO] Epoch 24 | Train: 0.0480 | Val: 0.0419
2025-05-14 02:21:19,923 [INFO] Epoch 25 | Train: 0.0468 | Val: 0.0371
2025-05-14 02:24:37,430 [INFO] Epoch 26 | Train: 0.0441 | Val: 0.0386
2025-05-14 02:27:50,779 [INFO] Epoch 27 | Train: 0.0468 | Val: 0.0408
2025-05-14 02:31:06,229 [INFO] Epoch 28 | Train: 0.0471 | Val: 0.0409
2025-05-14 02:34:22,013 [INFO] Epoch 29 | Train: 0.0467 | Val: 0.0414
2025-05-14 02:37:39,526 [INFO] Epoch 30 | Train: 0.0440 | Val: 0.0382
2025-05-14 02:38:08,410 [INFO] Confusion Matrix:
[[ 94   0   0 ...   0   0   0]
 [  0  93   0 ...   0   0   0]
 [  0   1  39 ...   0   0   0]
 ...
 [  0   0   0 ... 801   0   0]
 [  0   0   0 ...   0  55   0]
 [  0   0   0 ...   0   0 239]]
2025-05-14 02:38:08,411 [INFO] Classification Report:
                                                    precision    recall  f1-score   support

                                Apple___Apple_scab     0.9895    1.0000    0.9947        94
                                 Apple___Black_rot     0.9789    1.0000    0.9894        93
                          Apple___Cedar_apple_rust     1.0000    0.9512    0.9750        41
                                   Apple___healthy     0.9919    0.9960    0.9939       247
                               Blueberry___healthy     0.9956    1.0000    0.9978       225
          Cherry_(including_sour)___Powdery_mildew     1.0000    0.9937    0.9968       158
                 Cherry_(including_sour)___healthy     1.0000    0.9922    0.9961       128
Corn_(maize)___Cercospora_leaf_spot Gray_leaf_spot     0.8675    0.9351    0.9000        77
                       Corn_(maize)___Common_rust_     0.9943    0.9777    0.9859       179
               Corn_(maize)___Northern_Leaf_Blight     0.9452    0.9324    0.9388       148
                            Corn_(maize)___healthy     1.0000    1.0000    1.0000       174
                                 Grape___Black_rot     0.9888    0.9944    0.9915       177
                      Grape___Esca_(Black_Measles)     0.9951    0.9903    0.9927       207
        Grape___Leaf_blight_(Isariopsis_Leaf_Spot)     1.0000    0.9938    0.9969       161
                                   Grape___healthy     0.9844    1.0000    0.9921        63
          Orange___Haunglongbing_(Citrus_greening)     1.0000    1.0000    1.0000       826
                            Peach___Bacterial_spot     0.9773    1.0000    0.9885       345
                                   Peach___healthy     0.9783    0.8333    0.9000        54
                     Pepper,_bell___Bacterial_spot     0.9934    1.0000    0.9967       150
                            Pepper,_bell___healthy     1.0000    1.0000    1.0000       222
                             Potato___Early_blight     0.9933    0.9867    0.9900       150
                              Potato___Late_blight     1.0000    0.9800    0.9899       150
                                  Potato___healthy     1.0000    0.9130    0.9545        23
                               Raspberry___healthy     1.0000    1.0000    1.0000        56
                                 Soybean___healthy     0.9987    0.9987    0.9987       764
                           Squash___Powdery_mildew     1.0000    1.0000    1.0000       275
                          Strawberry___Leaf_scorch     1.0000    1.0000    1.0000       166
                              Strawberry___healthy     1.0000    1.0000    1.0000        68
                           Tomato___Bacterial_spot     0.9814    0.9937    0.9875       319
                             Tomato___Early_blight     0.9928    0.9133    0.9514       150
                              Tomato___Late_blight     0.9693    0.9930    0.9810       286
                                Tomato___Leaf_Mold     0.9648    0.9580    0.9614       143
                       Tomato___Septoria_leaf_spot     0.9740    0.9850    0.9794       266
     Tomato___Spider_mites Two-spotted_spider_mite     0.9871    0.9163    0.9504       251
                              Tomato___Target_Spot     0.9013    0.9526    0.9263       211
            Tomato___Tomato_Yellow_Leaf_Curl_Virus     1.0000    0.9963    0.9981       804
                      Tomato___Tomato_mosaic_virus     1.0000    0.9821    0.9910        56
                                  Tomato___healthy     0.9522    1.0000    0.9755       239

                                          accuracy                         0.9869      8146
                                         macro avg     0.9841    0.9779    0.9806      8146
                                      weighted avg     0.9872    0.9869    0.9868      8146

