2025-05-17 20:38:53,000 [INFO] Created logger with run_dir: /home3/s5238366/plant-disease-classification/src/training/../../logs/resnet50/resnet50_5
2025-05-17 20:38:53,000 [INFO] Starting training run.
2025-05-17 20:41:16,209 [INFO] Epoch 01 | Train: 0.5321 | Val: 0.2095
2025-05-17 20:43:42,914 [INFO] Epoch 02 | Train: 0.2674 | Val: 0.1704
2025-05-17 20:46:10,368 [INFO] Epoch 03 | Train: 0.2325 | Val: 0.1541
2025-05-17 20:48:38,454 [INFO] Epoch 04 | Train: 0.2115 | Val: 0.1370
2025-05-17 20:48:38,455 [INFO] Unfroze layer4 at epoch 5 with lr=0.0001.
2025-05-17 20:51:14,466 [INFO] Epoch 05 | Train: 0.1342 | Val: 0.0567
2025-05-17 20:53:45,202 [INFO] Epoch 06 | Train: 0.0919 | Val: 0.0377
2025-05-17 20:56:15,178 [INFO] Epoch 07 | Train: 0.0745 | Val: 0.0340
2025-05-17 20:58:47,531 [INFO] Epoch 08 | Train: 0.0587 | Val: 0.0269
2025-05-17 21:01:22,405 [INFO] Epoch 09 | Train: 0.0558 | Val: 0.0246
2025-05-17 21:01:22,406 [INFO] Unfroze layer3 at epoch 10 with lr=1e-05.
2025-05-17 21:04:02,432 [INFO] Epoch 10 | Train: 0.0490 | Val: 0.0238
2025-05-17 21:06:42,613 [INFO] Epoch 11 | Train: 0.0465 | Val: 0.0238
2025-05-17 21:09:21,994 [INFO] Epoch 12 | Train: 0.0415 | Val: 0.0233
2025-05-17 21:12:02,184 [INFO] Epoch 13 | Train: 0.0396 | Val: 0.0209
2025-05-17 21:14:39,084 [INFO] Epoch 14 | Train: 0.0369 | Val: 0.0211
2025-05-17 21:17:17,595 [INFO] Epoch 15 | Train: 0.0362 | Val: 0.0193
2025-05-17 21:19:54,920 [INFO] Epoch 16 | Train: 0.0358 | Val: 0.0184
2025-05-17 21:22:33,830 [INFO] Epoch 17 | Train: 0.0356 | Val: 0.0208
2025-05-17 21:25:16,570 [INFO] Epoch 18 | Train: 0.0338 | Val: 0.0180
2025-05-17 21:27:54,955 [INFO] Epoch 19 | Train: 0.0336 | Val: 0.0200
2025-05-17 21:30:38,397 [INFO] Epoch 20 | Train: 0.0328 | Val: 0.0192
2025-05-17 21:33:28,574 [INFO] Epoch 21 | Train: 0.0323 | Val: 0.0193
2025-05-17 21:36:17,004 [INFO] Epoch 22 | Train: 0.0339 | Val: 0.0201
2025-05-17 21:39:04,932 [INFO] Epoch 23 | Train: 0.0336 | Val: 0.0191
2025-05-17 21:41:53,696 [INFO] Epoch 24 | Train: 0.0339 | Val: 0.0202
2025-05-17 21:44:36,696 [INFO] Epoch 25 | Train: 0.0339 | Val: 0.0198
2025-05-17 21:47:16,001 [INFO] Epoch 26 | Train: 0.0353 | Val: 0.0189
2025-05-17 21:49:59,953 [INFO] Epoch 27 | Train: 0.0329 | Val: 0.0205
2025-05-17 21:52:47,219 [INFO] Epoch 28 | Train: 0.0326 | Val: 0.0211
2025-05-17 21:52:47,220 [INFO] Early stopping triggered at epoch 28 (no improvement for 10 epochs).
2025-05-17 21:53:10,617 [INFO] Confusion Matrix:
[[ 94   0   0 ...   0   0   0]
 [  0  93   0 ...   0   0   0]
 [  0   0  41 ...   0   0   0]
 ...
 [  0   0   0 ... 789   0   0]
 [  0   0   0 ...   0  56   0]
 [  0   0   0 ...   0   0 239]]
2025-05-17 21:53:10,618 [INFO] Classification Report:
                                                    precision    recall  f1-score   support

                                Apple___Apple_scab     0.9792    1.0000    0.9895        94
                                 Apple___Black_rot     0.9894    1.0000    0.9947        93
                          Apple___Cedar_apple_rust     1.0000    1.0000    1.0000        41
                                   Apple___healthy     0.9879    0.9919    0.9899       247
                               Blueberry___healthy     1.0000    0.9689    0.9842       225
          Cherry_(including_sour)___Powdery_mildew     1.0000    1.0000    1.0000       158
                 Cherry_(including_sour)___healthy     1.0000    1.0000    1.0000       128
Corn_(maize)___Cercospora_leaf_spot Gray_leaf_spot     0.8621    0.9740    0.9146        77
                       Corn_(maize)___Common_rust_     0.9889    0.9944    0.9916       179
               Corn_(maize)___Northern_Leaf_Blight     0.9855    0.9189    0.9510       148
                            Corn_(maize)___healthy     1.0000    1.0000    1.0000       174
                                 Grape___Black_rot     1.0000    0.9944    0.9972       177
                      Grape___Esca_(Black_Measles)     0.9952    1.0000    0.9976       207
        Grape___Leaf_blight_(Isariopsis_Leaf_Spot)     1.0000    1.0000    1.0000       161
                                   Grape___healthy     0.9844    1.0000    0.9921        63
          Orange___Haunglongbing_(Citrus_greening)     1.0000    1.0000    1.0000       826
                            Peach___Bacterial_spot     1.0000    0.9913    0.9956       345
                                   Peach___healthy     0.9818    1.0000    0.9908        54
                     Pepper,_bell___Bacterial_spot     0.9934    1.0000    0.9967       150
                            Pepper,_bell___healthy     0.9866    0.9955    0.9910       222
                             Potato___Early_blight     1.0000    1.0000    1.0000       150
                              Potato___Late_blight     0.9862    0.9533    0.9695       150
                                  Potato___healthy     0.9545    0.9130    0.9333        23
                               Raspberry___healthy     1.0000    1.0000    1.0000        56
                                 Soybean___healthy     0.9948    0.9948    0.9948       764
                           Squash___Powdery_mildew     1.0000    1.0000    1.0000       275
                          Strawberry___Leaf_scorch     1.0000    1.0000    1.0000       166
                              Strawberry___healthy     0.9855    1.0000    0.9927        68
                           Tomato___Bacterial_spot     0.9633    0.9875    0.9752       319
                             Tomato___Early_blight     0.9542    0.9733    0.9637       150
                              Tomato___Late_blight     0.9753    0.9650    0.9701       286
                                Tomato___Leaf_Mold     0.9930    0.9930    0.9930       143
                       Tomato___Septoria_leaf_spot     0.9849    0.9812    0.9831       266
     Tomato___Spider_mites Two-spotted_spider_mite     0.9660    0.9044    0.9342       251
                              Tomato___Target_Spot     0.9159    0.9289    0.9224       211
            Tomato___Tomato_Yellow_Leaf_Curl_Virus     1.0000    0.9813    0.9906       804
                      Tomato___Tomato_mosaic_virus     1.0000    1.0000    1.0000        56
                                  Tomato___healthy     0.9019    1.0000    0.9484       239

                                          accuracy                         0.9853      8146
                                         macro avg     0.9818    0.9843    0.9828      8146
                                      weighted avg     0.9857    0.9853    0.9853      8146

