2025-06-08 23:48:37,632 [INFO] Created logger with run_dir: /home3/s5238366/plant-disease-classification/src/training/../../logs/resnet152/resnet152_0
2025-06-08 23:48:37,632 [INFO] Starting training run.
2025-06-08 23:48:37,640 [INFO] Copied main script to /home3/s5238366/plant-disease-classification/src/training/../../logs/resnet152/resnet152_0/train_resnet152.py
2025-06-08 23:50:51,684 [INFO] Epoch 1: Train 0.6095 | Val 0.2920
2025-06-08 23:52:50,883 [INFO] Epoch 2: Train 0.3367 | Val 0.2415
2025-06-08 23:54:50,221 [INFO] Epoch 3: Train 0.2924 | Val 0.2065
2025-06-08 23:56:49,529 [INFO] Epoch 4: Train 0.2720 | Val 0.1960
2025-06-08 23:56:49,530 [INFO] Unfroze layer4 at epoch 5
2025-06-08 23:58:59,244 [INFO] Epoch 5: Train 0.1768 | Val 0.0847
2025-06-09 00:01:09,124 [INFO] Epoch 6: Train 0.1181 | Val 0.0662
2025-06-09 00:03:19,054 [INFO] Epoch 7: Train 0.0974 | Val 0.0491
2025-06-09 00:05:28,895 [INFO] Epoch 8: Train 0.0786 | Val 0.0457
2025-06-09 00:07:38,819 [INFO] Epoch 9: Train 0.0707 | Val 0.0422
2025-06-09 00:07:38,822 [INFO] Unfroze layer3 at epoch 10
2025-06-09 00:11:39,245 [INFO] Epoch 10: Train 0.0651 | Val 0.0389
2025-06-09 00:15:39,788 [INFO] Epoch 11: Train 0.0541 | Val 0.0337
2025-06-09 00:19:40,264 [INFO] Epoch 12: Train 0.0466 | Val 0.0301
2025-06-09 00:23:40,675 [INFO] Epoch 13: Train 0.0452 | Val 0.0242
2025-06-09 00:27:41,143 [INFO] Epoch 14: Train 0.0413 | Val 0.0273
2025-06-09 00:31:41,677 [INFO] Epoch 15: Train 0.0373 | Val 0.0268
2025-06-09 00:35:42,081 [INFO] Epoch 16: Train 0.0369 | Val 0.0274
2025-06-09 00:39:42,523 [INFO] Epoch 17: Train 0.0359 | Val 0.0276
2025-06-09 00:43:43,002 [INFO] Epoch 18: Train 0.0353 | Val 0.0281
2025-06-09 00:47:43,384 [INFO] Epoch 19: Train 0.0370 | Val 0.0267
2025-06-09 00:51:43,843 [INFO] Epoch 20: Train 0.0348 | Val 0.0255
2025-06-09 00:55:44,280 [INFO] Epoch 21: Train 0.0339 | Val 0.0248
2025-06-09 00:59:44,733 [INFO] Epoch 22: Train 0.0340 | Val 0.0241
2025-06-09 01:03:45,134 [INFO] Epoch 23: Train 0.0347 | Val 0.0245
2025-06-09 01:07:45,615 [INFO] Epoch 24: Train 0.0325 | Val 0.0232
2025-06-09 01:11:46,078 [INFO] Epoch 25: Train 0.0337 | Val 0.0230
2025-06-09 01:15:46,474 [INFO] Epoch 26: Train 0.0342 | Val 0.0241
2025-06-09 01:19:46,937 [INFO] Epoch 27: Train 0.0357 | Val 0.0247
2025-06-09 01:23:47,269 [INFO] Epoch 28: Train 0.0345 | Val 0.0255
2025-06-09 01:27:47,672 [INFO] Epoch 29: Train 0.0351 | Val 0.0227
2025-06-09 01:31:48,017 [INFO] Epoch 30: Train 0.0336 | Val 0.0235
2025-06-09 01:35:48,394 [INFO] Epoch 31: Train 0.0341 | Val 0.0230
2025-06-09 01:39:48,770 [INFO] Epoch 32: Train 0.0344 | Val 0.0232
2025-06-09 01:43:49,170 [INFO] Epoch 33: Train 0.0332 | Val 0.0262
2025-06-09 01:47:49,589 [INFO] Epoch 34: Train 0.0335 | Val 0.0249
2025-06-09 01:51:49,999 [INFO] Epoch 35: Train 0.0350 | Val 0.0237
2025-06-09 01:55:50,433 [INFO] Epoch 36: Train 0.0333 | Val 0.0237
2025-06-09 01:59:50,884 [INFO] Epoch 37: Train 0.0349 | Val 0.0252
2025-06-09 02:03:51,379 [INFO] Epoch 38: Train 0.0331 | Val 0.0249
2025-06-09 02:07:51,807 [INFO] Epoch 39: Train 0.0331 | Val 0.0281
2025-06-09 02:07:51,808 [INFO] Early stopping at epoch 39
2025-06-09 02:08:12,945 [INFO] Test Confusion Matrix:
[[ 94   0   0 ...   0   0   0]
 [  0  93   0 ...   0   0   0]
 [  0   0  41 ...   0   0   0]
 ...
 [  0   0   0 ... 793   0   0]
 [  0   0   0 ...   0  54   0]
 [  0   0   0 ...   0   0 239]]
2025-06-09 02:08:12,946 [INFO] Test Classification Report:
                                                    precision    recall  f1-score   support

                                Apple___Apple_scab     1.0000    1.0000    1.0000        94
                                 Apple___Black_rot     1.0000    1.0000    1.0000        93
                          Apple___Cedar_apple_rust     1.0000    1.0000    1.0000        41
                                   Apple___healthy     0.9960    1.0000    0.9980       247
                               Blueberry___healthy     1.0000    1.0000    1.0000       225
          Cherry_(including_sour)___Powdery_mildew     1.0000    1.0000    1.0000       158
                 Cherry_(including_sour)___healthy     0.9922    1.0000    0.9961       128
Corn_(maize)___Cercospora_leaf_spot Gray_leaf_spot     0.8824    0.9740    0.9259        77
                       Corn_(maize)___Common_rust_     1.0000    0.9832    0.9915       179
               Corn_(maize)___Northern_Leaf_Blight     0.9720    0.9392    0.9553       148
                            Corn_(maize)___healthy     1.0000    1.0000    1.0000       174
                                 Grape___Black_rot     0.9779    1.0000    0.9888       177
                      Grape___Esca_(Black_Measles)     1.0000    0.9807    0.9902       207
        Grape___Leaf_blight_(Isariopsis_Leaf_Spot)     0.9938    1.0000    0.9969       161
                                   Grape___healthy     1.0000    1.0000    1.0000        63
          Orange___Haunglongbing_(Citrus_greening)     0.9988    1.0000    0.9994       826
                            Peach___Bacterial_spot     1.0000    1.0000    1.0000       345
                                   Peach___healthy     1.0000    1.0000    1.0000        54
                     Pepper,_bell___Bacterial_spot     0.9868    1.0000    0.9934       150
                            Pepper,_bell___healthy     0.9955    1.0000    0.9978       222
                             Potato___Early_blight     0.9868    1.0000    0.9934       150
                              Potato___Late_blight     0.9803    0.9933    0.9868       150
                                  Potato___healthy     1.0000    1.0000    1.0000        23
                               Raspberry___healthy     1.0000    0.9821    0.9910        56
                                 Soybean___healthy     1.0000    0.9974    0.9987       764
                           Squash___Powdery_mildew     1.0000    1.0000    1.0000       275
                          Strawberry___Leaf_scorch     1.0000    0.9940    0.9970       166
                              Strawberry___healthy     1.0000    1.0000    1.0000        68
                           Tomato___Bacterial_spot     0.9783    0.9906    0.9844       319
                             Tomato___Early_blight     0.9718    0.9200    0.9452       150
                              Tomato___Late_blight     0.9823    0.9685    0.9754       286
                                Tomato___Leaf_Mold     0.9859    0.9790    0.9825       143
                       Tomato___Septoria_leaf_spot     0.9962    0.9812    0.9886       266
     Tomato___Spider_mites Two-spotted_spider_mite     0.9637    0.9522    0.9579       251
                              Tomato___Target_Spot     0.9324    0.9147    0.9234       211
            Tomato___Tomato_Yellow_Leaf_Curl_Virus     1.0000    0.9863    0.9931       804
                      Tomato___Tomato_mosaic_virus     1.0000    0.9643    0.9818        56
                                  Tomato___healthy     0.9019    1.0000    0.9484       239

                                          accuracy                         0.9880      8146
                                         macro avg     0.9862    0.9869    0.9863      8146
                                      weighted avg     0.9883    0.9880    0.9880      8146

